CMakeFiles/stomp_moveit_test.dir/src/stomp_moveit_test.cpp.o: In function `main':
stomp_moveit_test.cpp:(.text.startup+0x19e): undefined reference to `moveit::planning_interface::MoveGroupInterface::MoveGroupInterface(std::__cxx11::basic_string<char, std::char_traits<char>, std::allocator<char> > const&, std::shared_ptr<tf2_ros::Buffer> const&, ros::WallDuration const&)'
stomp_moveit_test.cpp:(.text.startup+0x1e0): undefined reference to `moveit::planning_interface::PlanningSceneInterface::PlanningSceneInterface(std::__cxx11::basic_string<char, std::char_traits<char>, std::allocator<char> > const&, bool)'
stomp_moveit_test.cpp:(.text.startup+0x210): undefined reference to `moveit::planning_interface::MoveGroupInterface::getCurrentState(double)'
stomp_moveit_test.cpp:(.text.startup+0x287): undefined reference to `moveit_visual_tools::MoveItVisualTools::MoveItVisualTools(std::__cxx11::basic_string<char, std::char_traits<char>, std::allocator<char> > const&, std::__cxx11::basic_string<char, std::char_traits<char>, std::allocator<char> > const&, std::shared_ptr<moveit::core::RobotModel const>)'
stomp_moveit_test.cpp:(.text.startup+0x2bc): undefined reference to `rviz_visual_tools::RvizVisualTools::deleteAllMarkers()'
stomp_moveit_test.cpp:(.text.startup+0x2c4): undefined reference to `rviz_visual_tools::RvizVisualTools::loadRemoteControl()'
stomp_moveit_test.cpp:(.text.startup+0x3aa): undefined reference to `rviz_visual_tools::RvizVisualTools::publishText(Eigen::Transform<double, 3, 1, 0> const&, std::__cxx11::basic_string<char, std::char_traits<char>, std::allocator<char> > const&, rviz_visual_tools::colors, rviz_visual_tools::scales, bool)'
stomp_moveit_test.cpp:(.text.startup+0x3cb): undefined reference to `rviz_visual_tools::RvizVisualTools::trigger()'
stomp_moveit_test.cpp:(.text.startup+0x476): undefined reference to `moveit::planning_interface::MoveGroupInterface::getJointModelGroupNames[abi:cxx11]() const'
stomp_moveit_test.cpp:(.text.startup+0x482): undefined reference to `moveit::planning_interface::MoveGroupInterface::getJointModelGroupNames[abi:cxx11]() const'
stomp_moveit_test.cpp:(.text.startup+0x4ef): undefined reference to `rviz_visual_tools::RvizVisualTools::prompt(std::__cxx11::basic_string<char, std::char_traits<char>, std::allocator<char> > const&)'
stomp_moveit_test.cpp:(.text.startup+0x563): undefined reference to `moveit::planning_interface::MoveGroupInterface::setPoseTarget(geometry_msgs::Pose_<std::allocator<void> > const&, std::__cxx11::basic_string<char, std::char_traits<char>, std::allocator<char> > const&)'
stomp_moveit_test.cpp:(.text.startup+0x80c): undefined reference to `moveit::planning_interface::MoveGroupInterface::plan(moveit::planning_interface::MoveGroupInterface::Plan&)'
stomp_moveit_test.cpp:(.text.startup+0x8aa): undefined reference to `rviz_visual_tools::RvizVisualTools::publishAxisLabeled(geometry_msgs::Pose_<std::allocator<void> > const&, std::__cxx11::basic_string<char, std::char_traits<char>, std::allocator<char> > const&, rviz_visual_tools::scales, rviz_visual_tools::colors)'
stomp_moveit_test.cpp:(.text.startup+0x8f5): undefined reference to `rviz_visual_tools::RvizVisualTools::publishText(Eigen::Transform<double, 3, 1, 0> const&, std::__cxx11::basic_string<char, std::char_traits<char>, std::allocator<char> > const&, rviz_visual_tools::colors, rviz_visual_tools::scales, bool)'
stomp_moveit_test.cpp:(.text.startup+0x938): undefined reference to `moveit_visual_tools::MoveItVisualTools::publishTrajectoryLine(moveit_msgs::RobotTrajectory_<std::allocator<void> > const&, moveit::core::JointModelGroup const*, rviz_visual_tools::colors const&)'
stomp_moveit_test.cpp:(.text.startup+0x940): undefined reference to `rviz_visual_tools::RvizVisualTools::trigger()'
stomp_moveit_test.cpp:(.text.startup+0x95a): undefined reference to `rviz_visual_tools::RvizVisualTools::prompt(std::__cxx11::basic_string<char, std::char_traits<char>, std::allocator<char> > const&)'
stomp_moveit_test.cpp:(.text.startup+0x98a): undefined reference to `moveit::planning_interface::MoveGroupInterface::getCurrentState(double)'
stomp_moveit_test.cpp:(.text.startup+0x9fd): undefined reference to `moveit::planning_interface::MoveGroupInterface::setJointValueTarget(std::vector<double, std::allocator<double> > const&)'
stomp_moveit_test.cpp:(.text.startup+0xa08): undefined reference to `moveit::planning_interface::MoveGroupInterface::plan(moveit::planning_interface::MoveGroupInterface::Plan&)'
stomp_moveit_test.cpp:(.text.startup+0xa4b): undefined reference to `rviz_visual_tools::RvizVisualTools::deleteAllMarkers()'
stomp_moveit_test.cpp:(.text.startup+0xa81): undefined reference to `rviz_visual_tools::RvizVisualTools::publishText(Eigen::Transform<double, 3, 1, 0> const&, std::__cxx11::basic_string<char, std::char_traits<char>, std::allocator<char> > const&, rviz_visual_tools::colors, rviz_visual_tools::scales, bool)'
stomp_moveit_test.cpp:(.text.startup+0xac4): undefined reference to `moveit_visual_tools::MoveItVisualTools::publishTrajectoryLine(moveit_msgs::RobotTrajectory_<std::allocator<void> > const&, moveit::core::JointModelGroup const*, rviz_visual_tools::colors const&)'
stomp_moveit_test.cpp:(.text.startup+0xacc): undefined reference to `rviz_visual_tools::RvizVisualTools::trigger()'
stomp_moveit_test.cpp:(.text.startup+0xae6): undefined reference to `rviz_visual_tools::RvizVisualTools::prompt(std::__cxx11::basic_string<char, std::char_traits<char>, std::allocator<char> > const&)'
stomp_moveit_test.cpp:(.text.startup+0xca4): undefined reference to `moveit::planning_interface::MoveGroupInterface::setPathConstraints(moveit_msgs::Constraints_<std::allocator<void> > const&)'
stomp_moveit_test.cpp:(.text.startup+0xcbb): undefined reference to `moveit::planning_interface::MoveGroupInterface::getCurrentState(double)'
stomp_moveit_test.cpp:(.text.startup+0xd9f): undefined reference to `moveit::planning_interface::MoveGroupInterface::setStartState(moveit::core::RobotState const&)'
stomp_moveit_test.cpp:(.text.startup+0xdbc): undefined reference to `moveit::planning_interface::MoveGroupInterface::setPoseTarget(geometry_msgs::Pose_<std::allocator<void> > const&, std::__cxx11::basic_string<char, std::char_traits<char>, std::allocator<char> > const&)'
stomp_moveit_test.cpp:(.text.startup+0xde8): undefined reference to `moveit::planning_interface::MoveGroupInterface::setPlanningTime(double)'
stomp_moveit_test.cpp:(.text.startup+0xdf3): undefined reference to `moveit::planning_interface::MoveGroupInterface::plan(moveit::planning_interface::MoveGroupInterface::Plan&)'
stomp_moveit_test.cpp:(.text.startup+0xe36): undefined reference to `rviz_visual_tools::RvizVisualTools::deleteAllMarkers()'
stomp_moveit_test.cpp:(.text.startup+0xe66): undefined reference to `rviz_visual_tools::RvizVisualTools::publishAxisLabeled(geometry_msgs::Pose_<std::allocator<void> > const&, std::__cxx11::basic_string<char, std::char_traits<char>, std::allocator<char> > const&, rviz_visual_tools::scales, rviz_visual_tools::colors)'
stomp_moveit_test.cpp:(.text.startup+0xea7): undefined reference to `rviz_visual_tools::RvizVisualTools::publishAxisLabeled(geometry_msgs::Pose_<std::allocator<void> > const&, std::__cxx11::basic_string<char, std::char_traits<char>, std::allocator<char> > const&, rviz_visual_tools::scales, rviz_visual_tools::colors)'
stomp_moveit_test.cpp:(.text.startup+0xef2): undefined reference to `rviz_visual_tools::RvizVisualTools::publishText(Eigen::Transform<double, 3, 1, 0> const&, std::__cxx11::basic_string<char, std::char_traits<char>, std::allocator<char> > const&, rviz_visual_tools::colors, rviz_visual_tools::scales, bool)'
stomp_moveit_test.cpp:(.text.startup+0xf35): undefined reference to `moveit_visual_tools::MoveItVisualTools::publishTrajectoryLine(moveit_msgs::RobotTrajectory_<std::allocator<void> > const&, moveit::core::JointModelGroup const*, rviz_visual_tools::colors const&)'
stomp_moveit_test.cpp:(.text.startup+0xf3d): undefined reference to `rviz_visual_tools::RvizVisualTools::trigger()'
stomp_moveit_test.cpp:(.text.startup+0xf57): undefined reference to `rviz_visual_tools::RvizVisualTools::prompt(std::__cxx11::basic_string<char, std::char_traits<char>, std::allocator<char> > const&)'
stomp_moveit_test.cpp:(.text.startup+0x107f): undefined reference to `moveit::planning_interface::MoveGroupInterface::setMaxVelocityScalingFactor(double)'
stomp_moveit_test.cpp:(.text.startup+0x11da): undefined reference to `moveit::planning_interface::MoveGroupInterface::computeCartesianPath(std::vector<geometry_msgs::Pose_<std::allocator<void> >, std::allocator<geometry_msgs::Pose_<std::allocator<void> > > > const&, double, double, moveit_msgs::RobotTrajectory_<std::allocator<void> >&, bool, moveit_msgs::MoveItErrorCodes_<std::allocator<void> >*)'
stomp_moveit_test.cpp:(.text.startup+0x1222): undefined reference to `rviz_visual_tools::RvizVisualTools::deleteAllMarkers()'
stomp_moveit_test.cpp:(.text.startup+0x1258): undefined reference to `rviz_visual_tools::RvizVisualTools::publishText(Eigen::Transform<double, 3, 1, 0> const&, std::__cxx11::basic_string<char, std::char_traits<char>, std::allocator<char> > const&, rviz_visual_tools::colors, rviz_visual_tools::scales, bool)'
stomp_moveit_test.cpp:(.text.startup+0x1298): undefined reference to `rviz_visual_tools::RvizVisualTools::publishPath(std::vector<geometry_msgs::Pose_<std::allocator<void> >, std::allocator<geometry_msgs::Pose_<std::allocator<void> > > > const&, rviz_visual_tools::colors, rviz_visual_tools::scales, std::__cxx11::basic_string<char, std::char_traits<char>, std::allocator<char> > const&)'
stomp_moveit_test.cpp:(.text.startup+0x132c): undefined reference to `rviz_visual_tools::RvizVisualTools::publishAxisLabeled(geometry_msgs::Pose_<std::allocator<void> > const&, std::__cxx11::basic_string<char, std::char_traits<char>, std::allocator<char> > const&, rviz_visual_tools::scales, rviz_visual_tools::colors)'
stomp_moveit_test.cpp:(.text.startup+0x13fb): undefined reference to `rviz_visual_tools::RvizVisualTools::trigger()'
stomp_moveit_test.cpp:(.text.startup+0x1415): undefined reference to `rviz_visual_tools::RvizVisualTools::prompt(std::__cxx11::basic_string<char, std::char_traits<char>, std::allocator<char> > const&)'
stomp_moveit_test.cpp:(.text.startup+0x158f): undefined reference to `moveit::planning_interface::MoveGroupInterface::getPlanningFrame[abi:cxx11]() const'
stomp_moveit_test.cpp:(.text.startup+0x17a8): undefined reference to `moveit::planning_interface::PlanningSceneInterface::addCollisionObjects(std::vector<moveit_msgs::CollisionObject_<std::allocator<void> >, std::allocator<moveit_msgs::CollisionObject_<std::allocator<void> > > > const&, std::vector<moveit_msgs::ObjectColor_<std::allocator<void> >, std::allocator<moveit_msgs::ObjectColor_<std::allocator<void> > > > const&) const'
stomp_moveit_test.cpp:(.text.startup+0x17f1): undefined reference to `rviz_visual_tools::RvizVisualTools::publishText(Eigen::Transform<double, 3, 1, 0> const&, std::__cxx11::basic_string<char, std::char_traits<char>, std::allocator<char> > const&, rviz_visual_tools::colors, rviz_visual_tools::scales, bool)'
stomp_moveit_test.cpp:(.text.startup+0x1816): undefined reference to `rviz_visual_tools::RvizVisualTools::trigger()'
stomp_moveit_test.cpp:(.text.startup+0x1830): undefined reference to `rviz_visual_tools::RvizVisualTools::prompt(std::__cxx11::basic_string<char, std::char_traits<char>, std::allocator<char> > const&)'
stomp_moveit_test.cpp:(.text.startup+0x1864): undefined reference to `moveit::planning_interface::MoveGroupInterface::getCurrentState(double)'
stomp_moveit_test.cpp:(.text.startup+0x1873): undefined reference to `moveit::planning_interface::MoveGroupInterface::setStartState(moveit::core::RobotState const&)'
stomp_moveit_test.cpp:(.text.startup+0x18e0): undefined reference to `moveit::planning_interface::MoveGroupInterface::setPoseTarget(geometry_msgs::Pose_<std::allocator<void> > const&, std::__cxx11::basic_string<char, std::char_traits<char>, std::allocator<char> > const&)'
stomp_moveit_test.cpp:(.text.startup+0x1905): undefined reference to `moveit::planning_interface::MoveGroupInterface::plan(moveit::planning_interface::MoveGroupInterface::Plan&)'
stomp_moveit_test.cpp:(.text.startup+0x1948): undefined reference to `rviz_visual_tools::RvizVisualTools::deleteAllMarkers()'
stomp_moveit_test.cpp:(.text.startup+0x197e): undefined reference to `rviz_visual_tools::RvizVisualTools::publishText(Eigen::Transform<double, 3, 1, 0> const&, std::__cxx11::basic_string<char, std::char_traits<char>, std::allocator<char> > const&, rviz_visual_tools::colors, rviz_visual_tools::scales, bool)'
stomp_moveit_test.cpp:(.text.startup+0x19c2): undefined reference to `moveit_visual_tools::MoveItVisualTools::publishTrajectoryLine(moveit_msgs::RobotTrajectory_<std::allocator<void> > const&, moveit::core::JointModelGroup const*, rviz_visual_tools::colors const&)'
stomp_moveit_test.cpp:(.text.startup+0x19ce): undefined reference to `rviz_visual_tools::RvizVisualTools::trigger()'
stomp_moveit_test.cpp:(.text.startup+0x19ec): undefined reference to `rviz_visual_tools::RvizVisualTools::prompt(std::__cxx11::basic_string<char, std::char_traits<char>, std::allocator<char> > const&)'
stomp_moveit_test.cpp:(.text.startup+0x1a58): undefined reference to `moveit::planning_interface::MoveGroupInterface::attachObject(std::__cxx11::basic_string<char, std::char_traits<char>, std::allocator<char> > const&, std::__cxx11::basic_string<char, std::char_traits<char>, std::allocator<char> > const&)'
stomp_moveit_test.cpp:(.text.startup+0x1aa4): undefined reference to `rviz_visual_tools::RvizVisualTools::publishText(Eigen::Transform<double, 3, 1, 0> const&, std::__cxx11::basic_string<char, std::char_traits<char>, std::allocator<char> > const&, rviz_visual_tools::colors, rviz_visual_tools::scales, bool)'
stomp_moveit_test.cpp:(.text.startup+0x1ac6): undefined reference to `rviz_visual_tools::RvizVisualTools::trigger()'
stomp_moveit_test.cpp:(.text.startup+0x1ae4): undefined reference to `rviz_visual_tools::RvizVisualTools::prompt(std::__cxx11::basic_string<char, std::char_traits<char>, std::allocator<char> > const&)'
stomp_moveit_test.cpp:(.text.startup+0x1b3e): undefined reference to `moveit::planning_interface::MoveGroupInterface::detachObject(std::__cxx11::basic_string<char, std::char_traits<char>, std::allocator<char> > const&)'
stomp_moveit_test.cpp:(.text.startup+0x1b74): undefined reference to `rviz_visual_tools::RvizVisualTools::publishText(Eigen::Transform<double, 3, 1, 0> const&, std::__cxx11::basic_string<char, std::char_traits<char>, std::allocator<char> > const&, rviz_visual_tools::colors, rviz_visual_tools::scales, bool)'
stomp_moveit_test.cpp:(.text.startup+0x1b96): undefined reference to `rviz_visual_tools::RvizVisualTools::trigger()'
stomp_moveit_test.cpp:(.text.startup+0x1bb4): undefined reference to `rviz_visual_tools::RvizVisualTools::prompt(std::__cxx11::basic_string<char, std::char_traits<char>, std::allocator<char> > const&)'
stomp_moveit_test.cpp:(.text.startup+0x1c31): undefined reference to `moveit::planning_interface::PlanningSceneInterface::removeCollisionObjects(std::vector<std::__cxx11::basic_string<char, std::char_traits<char>, std::allocator<char> >, std::allocator<std::__cxx11::basic_string<char, std::char_traits<char>, std::allocator<char> > > > const&) const'
stomp_moveit_test.cpp:(.text.startup+0x1c67): undefined reference to `rviz_visual_tools::RvizVisualTools::publishText(Eigen::Transform<double, 3, 1, 0> const&, std::__cxx11::basic_string<char, std::char_traits<char>, std::allocator<char> > const&, rviz_visual_tools::colors, rviz_visual_tools::scales, bool)'
stomp_moveit_test.cpp:(.text.startup+0x1c89): undefined reference to `rviz_visual_tools::RvizVisualTools::trigger()'
stomp_moveit_test.cpp:(.text.startup+0x1ca7): undefined reference to `rviz_visual_tools::RvizVisualTools::prompt(std::__cxx11::basic_string<char, std::char_traits<char>, std::allocator<char> > const&)'
stomp_moveit_test.cpp:(.text.startup+0x1d79): undefined reference to `moveit::planning_interface::PlanningSceneInterface::~PlanningSceneInterface()'
stomp_moveit_test.cpp:(.text.startup+0x1d85): undefined reference to `moveit::planning_interface::MoveGroupInterface::~MoveGroupInterface()'
stomp_moveit_test.cpp:(.text.startup+0x245c): undefined reference to `moveit::planning_interface::MoveGroupInterface::getPlanningFrame[abi:cxx11]() const'
stomp_moveit_test.cpp:(.text.startup+0x2636): undefined reference to `moveit::planning_interface::MoveGroupInterface::getEndEffectorLink[abi:cxx11]() const'
stomp_moveit_test.cpp:(.text.startup+0x2f0c): undefined reference to `moveit::planning_interface::PlanningSceneInterface::~PlanningSceneInterface()'
stomp_moveit_test.cpp:(.text.startup+0x2f18): undefined reference to `moveit::planning_interface::MoveGroupInterface::~MoveGroupInterface()'
collect2: error: ld returned 1 exit status
make[2]: *** [/home/nsriram/ws_moveit/devel/.private/stomp_moveit/lib/stomp_moveit/stomp_moveit_test] Error 1
make[1]: *** [CMakeFiles/stomp_moveit_test.dir/all] Error 2
make: *** [all] Error 2
