/home/nsriram/ws_moveit/src/stomp_ros/stomp_moveit/src/cost_functions/experiment_check.cpp: In member function ‘virtual bool stomp_moveit::cost_functions::ExperimentCheck::computeCosts(const MatrixXd&, std::size_t, std::size_t, int, int, Eigen::VectorXd&, bool&)’:
/home/nsriram/ws_moveit/src/stomp_ros/stomp_moveit/src/cost_functions/experiment_check.cpp:239:34: error: no match for ‘operator<<’ (operand types are ‘std::basic_ostream<char>’ and ‘std::vector<double>’)
       std::cout<<"joint values: "<<joint_values<<"\n";
       ~~~~~~~~~~~~~~~~~~~~~~~~~~~^~~~~~~~~~~~~~
In file included from /usr/include/c++/7/istream:39:0,
                 from /usr/include/c++/7/sstream:38,
                 from /opt/ros/melodic/include/ros/console.h:38,
                 from /home/nsriram/ws_moveit/src/stomp_ros/stomp_moveit/src/cost_functions/experiment_check.cpp:26:
/usr/include/c++/7/ostream:108:7: note: candidate: std::basic_ostream<_CharT, _Traits>::__ostream_type& std::basic_ostream<_CharT, _Traits>::operator<<(std::basic_ostream<_CharT, _Traits>::__ostream_type& (*)(std::basic_ostream<_CharT, _Traits>::__ostream_type&)) [with _CharT = char; _Traits = std::char_traits<char>; std::basic_ostream<_CharT, _Traits>::__ostream_type = std::basic_ostream<char>]
       operator<<(__ostream_type& (*__pf)(__ostream_type&))
       ^~~~~~~~
/usr/include/c++/7/ostream:108:7: note:   no known conversion for argument 1 from ‘std::vector<double>’ to ‘std::basic_ostream<char>::__ostream_type& (*)(std::basic_ostream<char>::__ostream_type&) {aka std::basic_ostream<char>& (*)(std::basic_ostream<char>&)}’
/usr/include/c++/7/ostream:117:7: note: candidate: std::basic_ostream<_CharT, _Traits>::__ostream_type& std::basic_ostream<_CharT, _Traits>::operator<<(std::basic_ostream<_CharT, _Traits>::__ios_type& (*)(std::basic_ostream<_CharT, _Traits>::__ios_type&)) [with _CharT = char; _Traits = std::char_traits<char>; std::basic_ostream<_CharT, _Traits>::__ostream_type = std::basic_ostream<char>; std::basic_ostream<_CharT, _Traits>::__ios_type = std::basic_ios<char>]
       operator<<(__ios_type& (*__pf)(__ios_type&))
       ^~~~~~~~
/usr/include/c++/7/ostream:117:7: note:   no known conversion for argument 1 from ‘std::vector<double>’ to ‘std::basic_ostream<char>::__ios_type& (*)(std::basic_ostream<char>::__ios_type&) {aka std::basic_ios<char>& (*)(std::basic_ios<char>&)}’
/usr/include/c++/7/ostream:127:7: note: candidate: std::basic_ostream<_CharT, _Traits>::__ostream_type& std::basic_ostream<_CharT, _Traits>::operator<<(std::ios_base& (*)(std::ios_base&)) [with _CharT = char; _Traits = std::char_traits<char>; std::basic_ostream<_CharT, _Traits>::__ostream_type = std::basic_ostream<char>]
       operator<<(ios_base& (*__pf) (ios_base&))
       ^~~~~~~~
/usr/include/c++/7/ostream:127:7: note:   no known conversion for argument 1 from ‘std::vector<double>’ to ‘std::ios_base& (*)(std::ios_base&)’
/usr/include/c++/7/ostream:166:7: note: candidate: std::basic_ostream<_CharT, _Traits>::__ostream_type& std::basic_ostream<_CharT, _Traits>::operator<<(long int) [with _CharT = char; _Traits = std::char_traits<char>; std::basic_ostream<_CharT, _Traits>::__ostream_type = std::basic_ostream<char>]
       operator<<(long __n)
       ^~~~~~~~
/usr/include/c++/7/ostream:166:7: note:   no known conversion for argument 1 from ‘std::vector<double>’ to ‘long int’
/usr/include/c++/7/ostream:170:7: note: candidate: std::basic_ostream<_CharT, _Traits>::__ostream_type& std::basic_ostream<_CharT, _Traits>::operator<<(long unsigned int) [with _CharT = char; _Traits = std::char_traits<char>; std::basic_ostream<_CharT, _Traits>::__ostream_type = std::basic_ostream<char>]
       operator<<(unsigned long __n)
       ^~~~~~~~
/usr/include/c++/7/ostream:170:7: note:   no known conversion for argument 1 from ‘std::vector<double>’ to ‘long unsigned int’
/usr/include/c++/7/ostream:174:7: note: candidate: std::basic_ostream<_CharT, _Traits>::__ostream_type& std::basic_ostream<_CharT, _Traits>::operator<<(bool) [with _CharT = char; _Traits = std::char_traits<char>; std::basic_ostream<_CharT, _Traits>::__ostream_type = std::basic_ostream<char>]
       operator<<(bool __n)
       ^~~~~~~~
/usr/include/c++/7/ostream:174:7: note:   no known conversion for argument 1 from ‘std::vector<double>’ to ‘bool’
In file included from /usr/include/c++/7/ostream:693:0,
                 from /usr/include/c++/7/istream:39,
                 from /usr/include/c++/7/sstream:38,
                 from /opt/ros/melodic/include/ros/console.h:38,
                 from /home/nsriram/ws_moveit/src/stomp_ros/stomp_moveit/src/cost_functions/experiment_check.cpp:26:
/usr/include/c++/7/bits/ostream.tcc:91:5: note: candidate: std::basic_ostream<_CharT, _Traits>& std::basic_ostream<_CharT, _Traits>::operator<<(short int) [with _CharT = char; _Traits = std::char_traits<char>]
     basic_ostream<_CharT, _Traits>::
     ^~~~~~~~~~~~~~~~~~~~~~~~~~~~~~
/usr/include/c++/7/bits/ostream.tcc:91:5: note:   no known conversion for argument 1 from ‘std::vector<double>’ to ‘short int’
In file included from /usr/include/c++/7/istream:39:0,
                 from /usr/include/c++/7/sstream:38,
                 from /opt/ros/melodic/include/ros/console.h:38,
                 from /home/nsriram/ws_moveit/src/stomp_ros/stomp_moveit/src/cost_functions/experiment_check.cpp:26:
/usr/include/c++/7/ostream:181:7: note: candidate: std::basic_ostream<_CharT, _Traits>::__ostream_type& std::basic_ostream<_CharT, _Traits>::operator<<(short unsigned int) [with _CharT = char; _Traits = std::char_traits<char>; std::basic_ostream<_CharT, _Traits>::__ostream_type = std::basic_ostream<char>]
       operator<<(unsigned short __n)
       ^~~~~~~~
/usr/include/c++/7/ostream:181:7: note:   no known conversion for argument 1 from ‘std::vector<double>’ to ‘short unsigned int’
In file included from /usr/include/c++/7/ostream:693:0,
                 from /usr/include/c++/7/istream:39,
                 from /usr/include/c++/7/sstream:38,
                 from /opt/ros/melodic/include/ros/console.h:38,
                 from /home/nsriram/ws_moveit/src/stomp_ros/stomp_moveit/src/cost_functions/experiment_check.cpp:26:
/usr/include/c++/7/bits/ostream.tcc:105:5: note: candidate: std::basic_ostream<_CharT, _Traits>& std::basic_ostream<_CharT, _Traits>::operator<<(int) [with _CharT = char; _Traits = std::char_traits<char>]
     basic_ostream<_CharT, _Traits>::
     ^~~~~~~~~~~~~~~~~~~~~~~~~~~~~~
/usr/include/c++/7/bits/ostream.tcc:105:5: note:   no known conversion for argument 1 from ‘std::vector<double>’ to ‘int’
In file included from /usr/include/c++/7/istream:39:0,
                 from /usr/include/c++/7/sstream:38,
                 from /opt/ros/melodic/include/ros/console.h:38,
                 from /home/nsriram/ws_moveit/src/stomp_ros/stomp_moveit/src/cost_functions/experiment_check.cpp:26:
/usr/include/c++/7/ostream:192:7: note: candidate: std::basic_ostream<_CharT, _Traits>::__ostream_type& std::basic_ostream<_CharT, _Traits>::operator<<(unsigned int) [with _CharT = char; _Traits = std::char_traits<char>; std::basic_ostream<_CharT, _Traits>::__ostream_type = std::basic_ostream<char>]
       operator<<(unsigned int __n)
       ^~~~~~~~
/usr/include/c++/7/ostream:192:7: note:   no known conversion for argument 1 from ‘std::vector<double>’ to ‘unsigned int’
/usr/include/c++/7/ostream:201:7: note: candidate: std::basic_ostream<_CharT, _Traits>::__ostream_type& std::basic_ostream<_CharT, _Traits>::operator<<(long long int) [with _CharT = char; _Traits = std::char_traits<char>; std::basic_ostream<_CharT, _Traits>::__ostream_type = std::basic_ostream<char>]
       operator<<(long long __n)
       ^~~~~~~~
/usr/include/c++/7/ostream:201:7: note:   no known conversion for argument 1 from ‘std::vector<double>’ to ‘long long int’
/usr/include/c++/7/ostream:205:7: note: candidate: std::basic_ostream<_CharT, _Traits>::__ostream_type& std::basic_ostream<_CharT, _Traits>::operator<<(long long unsigned int) [with _CharT = char; _Traits = std::char_traits<char>; std::basic_ostream<_CharT, _Traits>::__ostream_type = std::basic_ostream<char>]
       operator<<(unsigned long long __n)
       ^~~~~~~~
/usr/include/c++/7/ostream:205:7: note:   no known conversion for argument 1 from ‘std::vector<double>’ to ‘long long unsigned int’
/usr/include/c++/7/ostream:220:7: note: candidate: std::basic_ostream<_CharT, _Traits>::__ostream_type& std::basic_ostream<_CharT, _Traits>::operator<<(double) [with _CharT = char; _Traits = std::char_traits<char>; std::basic_ostream<_CharT, _Traits>::__ostream_type = std::basic_ostream<char>]
       operator<<(double __f)
       ^~~~~~~~
/usr/include/c++/7/ostream:220:7: note:   no known conversion for argument 1 from ‘std::vector<double>’ to ‘double’
/usr/include/c++/7/ostream:224:7: note: candidate: std::basic_ostream<_CharT, _Traits>::__ostream_type& std::basic_ostream<_CharT, _Traits>::operator<<(float) [with _CharT = char; _Traits = std::char_traits<char>; std::basic_ostream<_CharT, _Traits>::__ostream_type = std::basic_ostream<char>]
       operator<<(float __f)
       ^~~~~~~~
/usr/include/c++/7/ostream:224:7: note:   no known conversion for argument 1 from ‘std::vector<double>’ to ‘float’
/usr/include/c++/7/ostream:232:7: note: candidate: std::basic_ostream<_CharT, _Traits>::__ostream_type& std::basic_ostream<_CharT, _Traits>::operator<<(long double) [with _CharT = char; _Traits = std::char_traits<char>; std::basic_ostream<_CharT, _Traits>::__ostream_type = std::basic_ostream<char>]
       operator<<(long double __f)
       ^~~~~~~~
/usr/include/c++/7/ostream:232:7: note:   no known conversion for argument 1 from ‘std::vector<double>’ to ‘long double’
/usr/include/c++/7/ostream:245:7: note: candidate: std::basic_ostream<_CharT, _Traits>::__ostream_type& std::basic_ostream<_CharT, _Traits>::operator<<(const void*) [with _CharT = char; _Traits = std::char_traits<char>; std::basic_ostream<_CharT, _Traits>::__ostream_type = std::basic_ostream<char>]
       operator<<(const void* __p)
       ^~~~~~~~
/usr/include/c++/7/ostream:245:7: note:   no known conversion for argument 1 from ‘std::vector<double>’ to ‘const void*’
In file included from /usr/include/c++/7/ostream:693:0,
                 from /usr/include/c++/7/istream:39,
                 from /usr/include/c++/7/sstream:38,
                 from /opt/ros/melodic/include/ros/console.h:38,
                 from /home/nsriram/ws_moveit/src/stomp_ros/stomp_moveit/src/cost_functions/experiment_check.cpp:26:
/usr/include/c++/7/bits/ostream.tcc:119:5: note: candidate: std::basic_ostream<_CharT, _Traits>& std::basic_ostream<_CharT, _Traits>::operator<<(std::basic_ostream<_CharT, _Traits>::__streambuf_type*) [with _CharT = char; _Traits = std::char_traits<char>; std::basic_ostream<_CharT, _Traits>::__streambuf_type = std::basic_streambuf<char>]
     basic_ostream<_CharT, _Traits>::
     ^~~~~~~~~~~~~~~~~~~~~~~~~~~~~~
/usr/include/c++/7/bits/ostream.tcc:119:5: note:   no known conversion for argument 1 from ‘std::vector<double>’ to ‘std::basic_ostream<char>::__streambuf_type* {aka std::basic_streambuf<char>*}’
In file included from /opt/ros/melodic/include/ros/node_handle.h:52:0,
                 from /opt/ros/melodic/include/ros/ros.h:45,
                 from /opt/ros/melodic/include/urdf/model.h:50,
                 from /opt/ros/melodic/include/moveit/robot_model/robot_model.h:43,
                 from /opt/ros/melodic/include/moveit/robot_state/robot_state.h:41,
                 from /opt/ros/melodic/include/moveit/robot_state/conversions.h:40,
                 from /home/nsriram/ws_moveit/src/stomp_ros/stomp_moveit/src/cost_functions/experiment_check.cpp:28:
/opt/ros/melodic/include/xmlrpcpp/XmlRpcValue.h:207:29: note: candidate: std::ostream& operator<<(std::ostream&, const XmlRpc::XmlRpcValue&)
 XMLRPCPP_DECL std::ostream& operator<<(std::ostream& os, const XmlRpc::XmlRpcValue& v);
                             ^~~~~~~~
/opt/ros/melodic/include/xmlrpcpp/XmlRpcValue.h:207:29: note:   no known conversion for argument 2 from ‘std::vector<double>’ to ‘const XmlRpc::XmlRpcValue&’
In file included from /usr/include/eigen3/Eigen/Core:413:0,
                 from /usr/include/eigen3/Eigen/Geometry:11,
                 from /opt/ros/melodic/include/moveit/robot_model/joint_model.h:47,
                 from /opt/ros/melodic/include/moveit/robot_model/joint_model_group.h:41,
                 from /opt/ros/melodic/include/moveit/robot_model/robot_model.h:47,
                 from /opt/ros/melodic/include/moveit/robot_state/robot_state.h:41,
                 from /opt/ros/melodic/include/moveit/robot_state/conversions.h:40,
                 from /home/nsriram/ws_moveit/src/stomp_ros/stomp_moveit/src/cost_functions/experiment_check.cpp:28:
/usr/include/eigen3/Eigen/src/Core/IO.h:216:16: note: candidate: template<class Derived> std::ostream& Eigen::operator<<(std::ostream&, const Eigen::DenseBase<Derived>&)
 std::ostream & operator <<
                ^~~~~~~~
/usr/include/eigen3/Eigen/src/Core/IO.h:216:16: note:   template argument deduction/substitution failed:
/home/nsriram/ws_moveit/src/stomp_ros/stomp_moveit/src/cost_functions/experiment_check.cpp:239:36: note:   ‘std::vector<double>’ is not derived from ‘const Eigen::DenseBase<Derived>’
       std::cout<<"joint values: "<<joint_values<<"\n";
                                    ^~~~~~~~~~~~
In file included from /opt/ros/melodic/include/moveit/robot_state/conversions.h:40:0,
                 from /home/nsriram/ws_moveit/src/stomp_ros/stomp_moveit/src/cost_functions/experiment_check.cpp:28:
/opt/ros/melodic/include/moveit/robot_state/robot_state.h:2014:15: note: candidate: std::ostream& moveit::core::operator<<(std::ostream&, const moveit::core::RobotState&)
 std::ostream& operator<<(std::ostream& out, const RobotState& s);
               ^~~~~~~~
/opt/ros/melodic/include/moveit/robot_state/robot_state.h:2014:15: note:   no known conversion for argument 2 from ‘std::vector<double>’ to ‘const moveit::core::RobotState&’
In file included from /opt/ros/melodic/include/moveit/robot_model/joint_model_group.h:41:0,
                 from /opt/ros/melodic/include/moveit/robot_model/robot_model.h:47,
                 from /opt/ros/melodic/include/moveit/robot_state/robot_state.h:41,
                 from /opt/ros/melodic/include/moveit/robot_state/conversions.h:40,
                 from /home/nsriram/ws_moveit/src/stomp_ros/stomp_moveit/src/cost_functions/experiment_check.cpp:28:
/opt/ros/melodic/include/moveit/robot_model/joint_model.h:521:15: note: candidate: std::ostream& moveit::core::operator<<(std::ostream&, const moveit::core::VariableBounds&)
 std::ostream& operator<<(std::ostream& out, const VariableBounds& b);
               ^~~~~~~~
/opt/ros/melodic/include/moveit/robot_model/joint_model.h:521:15: note:   no known conversion for argument 2 from ‘std::vector<double>’ to ‘const moveit::core::VariableBounds&’
In file included from /usr/include/c++/7/memory:81:0,
                 from /usr/include/boost/config/no_tr1/memory.hpp:21,
                 from /usr/include/boost/get_pointer.hpp:14,
                 from /usr/include/boost/bind/mem_fn.hpp:25,
                 from /usr/include/boost/mem_fn.hpp:22,
                 from /usr/include/boost/bind/bind.hpp:26,
                 from /usr/include/boost/bind.hpp:22,
                 from /opt/ros/melodic/include/class_loader/class_loader.hpp:35,
                 from /opt/ros/melodic/include/pluginlib/./class_list_macros.hpp:40,
                 from /opt/ros/melodic/include/pluginlib/class_list_macros.h:35,
                 from /home/nsriram/ws_moveit/src/stomp_ros/stomp_moveit/src/cost_functions/experiment_check.cpp:27:
/usr/include/c++/7/bits/shared_ptr.h:66:5: note: candidate: template<class _Ch, class _Tr, class _Tp, __gnu_cxx::_Lock_policy _Lp> std::basic_ostream<_CharT, _Traits>& std::operator<<(std::basic_ostream<_CharT, _Traits>&, const std::__shared_ptr<_Tp, _Lp>&)
     operator<<(std::basic_ostream<_Ch, _Tr>& __os,
     ^~~~~~~~
/usr/include/c++/7/bits/shared_ptr.h:66:5: note:   template argument deduction/substitution failed:
/home/nsriram/ws_moveit/src/stomp_ros/stomp_moveit/src/cost_functions/experiment_check.cpp:239:36: note:   ‘std::vector<double>’ is not derived from ‘const std::__shared_ptr<_Tp, _Lp>’
       std::cout<<"joint values: "<<joint_values<<"\n";
                                    ^~~~~~~~~~~~
In file included from /usr/include/boost/config/no_tr1/complex.hpp:21:0,
                 from /usr/include/boost/math/policies/error_handling.hpp:17,
                 from /usr/include/boost/math/special_functions/round.hpp:14,
                 from /opt/ros/melodic/include/ros/time.h:58,
                 from /opt/ros/melodic/include/ros/console.h:39,
                 from /home/nsriram/ws_moveit/src/stomp_ros/stomp_moveit/src/cost_functions/experiment_check.cpp:26:
/usr/include/c++/7/complex:528:5: note: candidate: template<class _Tp, class _CharT, class _Traits> std::basic_ostream<_CharT, _Traits>& std::operator<<(std::basic_ostream<_CharT, _Traits>&, const std::complex<_Tp>&)
     operator<<(basic_ostream<_CharT, _Traits>& __os, const complex<_Tp>& __x)
     ^~~~~~~~
/usr/include/c++/7/complex:528:5: note:   template argument deduction/substitution failed:
/home/nsriram/ws_moveit/src/stomp_ros/stomp_moveit/src/cost_functions/experiment_check.cpp:239:36: note:   ‘std::vector<double>’ is not derived from ‘const std::complex<_Tp>’
       std::cout<<"joint values: "<<joint_values<<"\n";
                                    ^~~~~~~~~~~~
In file included from /usr/include/boost/math/policies/error_handling.hpp:12:0,
                 from /usr/include/boost/math/special_functions/round.hpp:14,
                 from /opt/ros/melodic/include/ros/time.h:58,
                 from /opt/ros/melodic/include/ros/console.h:39,
                 from /home/nsriram/ws_moveit/src/stomp_ros/stomp_moveit/src/cost_functions/experiment_check.cpp:26:
/usr/include/c++/7/iomanip:363:5: note: candidate: template<class _CharT, class _Traits> std::basic_ostream<_CharT, _Traits>& std::operator<<(std::basic_ostream<_CharT, _Traits>&, std::_Put_time<_CharT>)
     operator<<(basic_ostream<_CharT, _Traits>& __os, _Put_time<_CharT> __f)
     ^~~~~~~~
/usr/include/c++/7/iomanip:363:5: note:   template argument deduction/substitution failed:
/home/nsriram/ws_moveit/src/stomp_ros/stomp_moveit/src/cost_functions/experiment_check.cpp:239:36: note:   ‘std::vector<double>’ is not derived from ‘std::_Put_time<_CharT>’
       std::cout<<"joint values: "<<joint_values<<"\n";
                                    ^~~~~~~~~~~~
In file included from /usr/include/boost/math/policies/error_handling.hpp:12:0,
                 from /usr/include/boost/math/special_functions/round.hpp:14,
                 from /opt/ros/melodic/include/ros/time.h:58,
                 from /opt/ros/melodic/include/ros/console.h:39,
                 from /home/nsriram/ws_moveit/src/stomp_ros/stomp_moveit/src/cost_functions/experiment_check.cpp:26:
/usr/include/c++/7/iomanip:311:5: note: candidate: template<class _CharT, class _Traits, class _MoneyT> std::basic_ostream<_CharT, _Traits>& std::operator<<(std::basic_ostream<_CharT, _Traits>&, std::_Put_money<_MoneyT>)
     operator<<(basic_ostream<_CharT, _Traits>& __os, _Put_money<_MoneyT> __f)
     ^~~~~~~~
/usr/include/c++/7/iomanip:311:5: note:   template argument deduction/substitution failed:
/home/nsriram/ws_moveit/src/stomp_ros/stomp_moveit/src/cost_functions/experiment_check.cpp:239:36: note:   ‘std::vector<double>’ is not derived from ‘std::_Put_money<_MoneyT>’
       std::cout<<"joint values: "<<joint_values<<"\n";
                                    ^~~~~~~~~~~~
In file included from /usr/include/boost/math/policies/error_handling.hpp:12:0,
                 from /usr/include/boost/math/special_functions/round.hpp:14,
                 from /opt/ros/melodic/include/ros/time.h:58,
                 from /opt/ros/melodic/include/ros/console.h:39,
                 from /home/nsriram/ws_moveit/src/stomp_ros/stomp_moveit/src/cost_functions/experiment_check.cpp:26:
/usr/include/c++/7/iomanip:238:5: note: candidate: template<class _CharT, class _Traits> std::basic_ostream<_CharT, _Traits>& std::operator<<(std::basic_ostream<_CharT, _Traits>&, std::_Setw)
     operator<<(basic_ostream<_CharT, _Traits>& __os, _Setw __f)
     ^~~~~~~~
/usr/include/c++/7/iomanip:238:5: note:   template argument deduction/substitution failed:
/home/nsriram/ws_moveit/src/stomp_ros/stomp_moveit/src/cost_functions/experiment_check.cpp:239:36: note:   cannot convert ‘joint_values’ (type ‘std::vector<double>’) to type ‘std::_Setw’
       std::cout<<"joint values: "<<joint_values<<"\n";
                                    ^~~~~~~~~~~~
In file included from /usr/include/boost/math/policies/error_handling.hpp:12:0,
                 from /usr/include/boost/math/special_functions/round.hpp:14,
                 from /opt/ros/melodic/include/ros/time.h:58,
                 from /opt/ros/melodic/include/ros/console.h:39,
                 from /home/nsriram/ws_moveit/src/stomp_ros/stomp_moveit/src/cost_functions/experiment_check.cpp:26:
/usr/include/c++/7/iomanip:208:5: note: candidate: template<class _CharT, class _Traits> std::basic_ostream<_CharT, _Traits>& std::operator<<(std::basic_ostream<_CharT, _Traits>&, std::_Setprecision)
     operator<<(basic_ostream<_CharT, _Traits>& __os, _Setprecision __f)
     ^~~~~~~~
/usr/include/c++/7/iomanip:208:5: note:   template argument deduction/substitution failed:
/home/nsriram/ws_moveit/src/stomp_ros/stomp_moveit/src/cost_functions/experiment_check.cpp:239:36: note:   cannot convert ‘joint_values’ (type ‘std::vector<double>’) to type ‘std::_Setprecision’
       std::cout<<"joint values: "<<joint_values<<"\n";
                                    ^~~~~~~~~~~~
In file included from /usr/include/boost/math/policies/error_handling.hpp:12:0,
                 from /usr/include/boost/math/special_functions/round.hpp:14,
                 from /opt/ros/melodic/include/ros/time.h:58,
                 from /opt/ros/melodic/include/ros/console.h:39,
                 from /home/nsriram/ws_moveit/src/stomp_ros/stomp_moveit/src/cost_functions/experiment_check.cpp:26:
/usr/include/c++/7/iomanip:178:5: note: candidate: template<class _CharT, class _Traits> std::basic_ostream<_CharT, _Traits>& std::operator<<(std::basic_ostream<_CharT, _Traits>&, std::_Setfill<_CharT>)
     operator<<(basic_ostream<_CharT, _Traits>& __os, _Setfill<_CharT> __f)
     ^~~~~~~~
/usr/include/c++/7/iomanip:178:5: note:   template argument deduction/substitution failed:
/home/nsriram/ws_moveit/src/stomp_ros/stomp_moveit/src/cost_functions/experiment_check.cpp:239:36: note:   ‘std::vector<double>’ is not derived from ‘std::_Setfill<_CharT>’
       std::cout<<"joint values: "<<joint_values<<"\n";
                                    ^~~~~~~~~~~~
In file included from /usr/include/boost/math/policies/error_handling.hpp:12:0,
                 from /usr/include/boost/math/special_functions/round.hpp:14,
                 from /opt/ros/melodic/include/ros/time.h:58,
                 from /opt/ros/melodic/include/ros/console.h:39,
                 from /home/nsriram/ws_moveit/src/stomp_ros/stomp_moveit/src/cost_functions/experiment_check.cpp:26:
/usr/include/c++/7/iomanip:143:5: note: candidate: template<class _CharT, class _Traits> std::basic_ostream<_CharT, _Traits>& std::operator<<(std::basic_ostream<_CharT, _Traits>&, std::_Setbase)
     operator<<(basic_ostream<_CharT, _Traits>& __os, _Setbase __f)
     ^~~~~~~~
/usr/include/c++/7/iomanip:143:5: note:   template argument deduction/substitution failed:
/home/nsriram/ws_moveit/src/stomp_ros/stomp_moveit/src/cost_functions/experiment_check.cpp:239:36: note:   cannot convert ‘joint_values’ (type ‘std::vector<double>’) to type ‘std::_Setbase’
       std::cout<<"joint values: "<<joint_values<<"\n";
                                    ^~~~~~~~~~~~
In file included from /usr/include/boost/math/policies/error_handling.hpp:12:0,
                 from /usr/include/boost/math/special_functions/round.hpp:14,
                 from /opt/ros/melodic/include/ros/time.h:58,
                 from /opt/ros/melodic/include/ros/console.h:39,
                 from /home/nsriram/ws_moveit/src/stomp_ros/stomp_moveit/src/cost_functions/experiment_check.cpp:26:
/usr/include/c++/7/iomanip:109:5: note: candidate: template<class _CharT, class _Traits> std::basic_ostream<_CharT, _Traits>& std::operator<<(std::basic_ostream<_CharT, _Traits>&, std::_Setiosflags)
     operator<<(basic_ostream<_CharT, _Traits>& __os, _Setiosflags __f)
     ^~~~~~~~
/usr/include/c++/7/iomanip:109:5: note:   template argument deduction/substitution failed:
/home/nsriram/ws_moveit/src/stomp_ros/stomp_moveit/src/cost_functions/experiment_check.cpp:239:36: note:   cannot convert ‘joint_values’ (type ‘std::vector<double>’) to type ‘std::_Setiosflags’
       std::cout<<"joint values: "<<joint_values<<"\n";
                                    ^~~~~~~~~~~~
In file included from /usr/include/boost/math/policies/error_handling.hpp:12:0,
                 from /usr/include/boost/math/special_functions/round.hpp:14,
                 from /opt/ros/melodic/include/ros/time.h:58,
                 from /opt/ros/melodic/include/ros/console.h:39,
                 from /home/nsriram/ws_moveit/src/stomp_ros/stomp_moveit/src/cost_functions/experiment_check.cpp:26:
/usr/include/c++/7/iomanip:79:5: note: candidate: template<class _CharT, class _Traits> std::basic_ostream<_CharT, _Traits>& std::operator<<(std::basic_ostream<_CharT, _Traits>&, std::_Resetiosflags)
     operator<<(basic_ostream<_CharT, _Traits>& __os, _Resetiosflags __f)
     ^~~~~~~~
/usr/include/c++/7/iomanip:79:5: note:   template argument deduction/substitution failed:
/home/nsriram/ws_moveit/src/stomp_ros/stomp_moveit/src/cost_functions/experiment_check.cpp:239:36: note:   cannot convert ‘joint_values’ (type ‘std::vector<double>’) to type ‘std::_Resetiosflags’
       std::cout<<"joint values: "<<joint_values<<"\n";
                                    ^~~~~~~~~~~~
In file included from /usr/include/c++/7/istream:39:0,
                 from /usr/include/c++/7/sstream:38,
                 from /opt/ros/melodic/include/ros/console.h:38,
                 from /home/nsriram/ws_moveit/src/stomp_ros/stomp_moveit/src/cost_functions/experiment_check.cpp:26:
/usr/include/c++/7/ostream:682:5: note: candidate: template<class _Ostream, class _Tp> typename std::enable_if<std::__and_<std::__not_<std::is_lvalue_reference<_Tp> >, std::__is_convertible_to_basic_ostream<_Ostream>, std::__is_insertable<typename std::__is_convertible_to_basic_ostream<_Tp>::__ostream_type, const _Tp&, void> >::value, typename std::__is_convertible_to_basic_ostream<_Tp>::__ostream_type>::type std::operator<<(_Ostream&&, const _Tp&)
     operator<<(_Ostream&& __os, const _Tp& __x)
     ^~~~~~~~
/usr/include/c++/7/ostream:682:5: note:   template argument deduction/substitution failed:
/usr/include/c++/7/ostream: In substitution of ‘template<class _Ostream, class _Tp> typename std::enable_if<std::__and_<std::__not_<std::is_lvalue_reference<_Tp> >, std::__is_convertible_to_basic_ostream<_Ostream>, std::__is_insertable<typename std::__is_convertible_to_basic_ostream<_Tp>::__ostream_type, const _Tp&, void> >::value, typename std::__is_convertible_to_basic_ostream<_Tp>::__ostream_type>::type std::operator<<(_Ostream&&, const _Tp&) [with _Ostream = std::basic_ostream<char>&; _Tp = std::vector<double>]’:
/home/nsriram/ws_moveit/src/stomp_ros/stomp_moveit/src/cost_functions/experiment_check.cpp:239:36:   required from here
/usr/include/c++/7/ostream:682:5: error: no type named ‘type’ in ‘struct std::enable_if<false, std::basic_ostream<char>&>’
/usr/include/c++/7/ostream:574:5: note: candidate: template<class _Traits> std::basic_ostream<char, _Traits>& std::operator<<(std::basic_ostream<char, _Traits>&, const unsigned char*)
     operator<<(basic_ostream<char, _Traits>& __out, const unsigned char* __s)
     ^~~~~~~~
/usr/include/c++/7/ostream:574:5: note:   template argument deduction/substitution failed:
/home/nsriram/ws_moveit/src/stomp_ros/stomp_moveit/src/cost_functions/experiment_check.cpp:239:36: note:   cannot convert ‘joint_values’ (type ‘std::vector<double>’) to type ‘const unsigned char*’
       std::cout<<"joint values: "<<joint_values<<"\n";
                                    ^~~~~~~~~~~~
In file included from /usr/include/c++/7/istream:39:0,
                 from /usr/include/c++/7/sstream:38,
                 from /opt/ros/melodic/include/ros/console.h:38,
                 from /home/nsriram/ws_moveit/src/stomp_ros/stomp_moveit/src/cost_functions/experiment_check.cpp:26:
/usr/include/c++/7/ostream:569:5: note: candidate: template<class _Traits> std::basic_ostream<char, _Traits>& std::operator<<(std::basic_ostream<char, _Traits>&, const signed char*)
     operator<<(basic_ostream<char, _Traits>& __out, const signed char* __s)
     ^~~~~~~~
/usr/include/c++/7/ostream:569:5: note:   template argument deduction/substitution failed:
/home/nsriram/ws_moveit/src/stomp_ros/stomp_moveit/src/cost_functions/experiment_check.cpp:239:36: note:   cannot convert ‘joint_values’ (type ‘std::vector<double>’) to type ‘const signed char*’
       std::cout<<"joint values: "<<joint_values<<"\n";
                                    ^~~~~~~~~~~~
In file included from /usr/include/c++/7/istream:39:0,
                 from /usr/include/c++/7/sstream:38,
                 from /opt/ros/melodic/include/ros/console.h:38,
                 from /home/nsriram/ws_moveit/src/stomp_ros/stomp_moveit/src/cost_functions/experiment_check.cpp:26:
/usr/include/c++/7/ostream:556:5: note: candidate: template<class _Traits> std::basic_ostream<char, _Traits>& std::operator<<(std::basic_ostream<char, _Traits>&, const char*)
     operator<<(basic_ostream<char, _Traits>& __out, const char* __s)
     ^~~~~~~~
/usr/include/c++/7/ostream:556:5: note:   template argument deduction/substitution failed:
/home/nsriram/ws_moveit/src/stomp_ros/stomp_moveit/src/cost_functions/experiment_check.cpp:239:36: note:   cannot convert ‘joint_values’ (type ‘std::vector<double>’) to type ‘const char*’
       std::cout<<"joint values: "<<joint_values<<"\n";
                                    ^~~~~~~~~~~~
In file included from /usr/include/c++/7/ostream:693:0,
                 from /usr/include/c++/7/istream:39,
                 from /usr/include/c++/7/sstream:38,
                 from /opt/ros/melodic/include/ros/console.h:38,
                 from /home/nsriram/ws_moveit/src/stomp_ros/stomp_moveit/src/cost_functions/experiment_check.cpp:26:
/usr/include/c++/7/bits/ostream.tcc:321:5: note: candidate: template<class _CharT, class _Traits> std::basic_ostream<_CharT, _Traits>& std::operator<<(std::basic_ostream<_CharT, _Traits>&, const char*)
     operator<<(basic_ostream<_CharT, _Traits>& __out, const char* __s)
     ^~~~~~~~
/usr/include/c++/7/bits/ostream.tcc:321:5: note:   template argument deduction/substitution failed:
/home/nsriram/ws_moveit/src/stomp_ros/stomp_moveit/src/cost_functions/experiment_check.cpp:239:36: note:   cannot convert ‘joint_values’ (type ‘std::vector<double>’) to type ‘const char*’
       std::cout<<"joint values: "<<joint_values<<"\n";
                                    ^~~~~~~~~~~~
In file included from /usr/include/c++/7/istream:39:0,
                 from /usr/include/c++/7/sstream:38,
                 from /opt/ros/melodic/include/ros/console.h:38,
                 from /home/nsriram/ws_moveit/src/stomp_ros/stomp_moveit/src/cost_functions/experiment_check.cpp:26:
/usr/include/c++/7/ostream:539:5: note: candidate: template<class _CharT, class _Traits> std::basic_ostream<_CharT, _Traits>& std::operator<<(std::basic_ostream<_CharT, _Traits>&, const _CharT*)
     operator<<(basic_ostream<_CharT, _Traits>& __out, const _CharT* __s)
     ^~~~~~~~
/usr/include/c++/7/ostream:539:5: note:   template argument deduction/substitution failed:
/home/nsriram/ws_moveit/src/stomp_ros/stomp_moveit/src/cost_functions/experiment_check.cpp:239:36: note:   mismatched types ‘const _CharT*’ and ‘std::vector<double>’
       std::cout<<"joint values: "<<joint_values<<"\n";
                                    ^~~~~~~~~~~~
In file included from /usr/include/c++/7/istream:39:0,
                 from /usr/include/c++/7/sstream:38,
                 from /opt/ros/melodic/include/ros/console.h:38,
                 from /home/nsriram/ws_moveit/src/stomp_ros/stomp_moveit/src/cost_functions/experiment_check.cpp:26:
/usr/include/c++/7/ostream:519:5: note: candidate: template<class _Traits> std::basic_ostream<char, _Traits>& std::operator<<(std::basic_ostream<char, _Traits>&, unsigned char)
     operator<<(basic_ostream<char, _Traits>& __out, unsigned char __c)
     ^~~~~~~~
/usr/include/c++/7/ostream:519:5: note:   template argument deduction/substitution failed:
/home/nsriram/ws_moveit/src/stomp_ros/stomp_moveit/src/cost_functions/experiment_check.cpp:239:36: note:   cannot convert ‘joint_values’ (type ‘std::vector<double>’) to type ‘unsigned char’
       std::cout<<"joint values: "<<joint_values<<"\n";
                                    ^~~~~~~~~~~~
In file included from /usr/include/c++/7/istream:39:0,
                 from /usr/include/c++/7/sstream:38,
                 from /opt/ros/melodic/include/ros/console.h:38,
                 from /home/nsriram/ws_moveit/src/stomp_ros/stomp_moveit/src/cost_functions/experiment_check.cpp:26:
/usr/include/c++/7/ostream:514:5: note: candidate: template<class _Traits> std::basic_ostream<char, _Traits>& std::operator<<(std::basic_ostream<char, _Traits>&, signed char)
     operator<<(basic_ostream<char, _Traits>& __out, signed char __c)
     ^~~~~~~~
/usr/include/c++/7/ostream:514:5: note:   template argument deduction/substitution failed:
/home/nsriram/ws_moveit/src/stomp_ros/stomp_moveit/src/cost_functions/experiment_check.cpp:239:36: note:   cannot convert ‘joint_values’ (type ‘std::vector<double>’) to type ‘signed char’
       std::cout<<"joint values: "<<joint_values<<"\n";
                                    ^~~~~~~~~~~~
In file included from /usr/include/c++/7/istream:39:0,
                 from /usr/include/c++/7/sstream:38,
                 from /opt/ros/melodic/include/ros/console.h:38,
                 from /home/nsriram/ws_moveit/src/stomp_ros/stomp_moveit/src/cost_functions/experiment_check.cpp:26:
/usr/include/c++/7/ostream:508:5: note: candidate: template<class _Traits> std::basic_ostream<char, _Traits>& std::operator<<(std::basic_ostream<char, _Traits>&, char)
     operator<<(basic_ostream<char, _Traits>& __out, char __c)
     ^~~~~~~~
/usr/include/c++/7/ostream:508:5: note:   template argument deduction/substitution failed:
/home/nsriram/ws_moveit/src/stomp_ros/stomp_moveit/src/cost_functions/experiment_check.cpp:239:36: note:   cannot convert ‘joint_values’ (type ‘std::vector<double>’) to type ‘char’
       std::cout<<"joint values: "<<joint_values<<"\n";
                                    ^~~~~~~~~~~~
In file included from /usr/include/c++/7/istream:39:0,
                 from /usr/include/c++/7/sstream:38,
                 from /opt/ros/melodic/include/ros/console.h:38,
                 from /home/nsriram/ws_moveit/src/stomp_ros/stomp_moveit/src/cost_functions/experiment_check.cpp:26:
/usr/include/c++/7/ostream:502:5: note: candidate: template<class _CharT, class _Traits> std::basic_ostream<_CharT, _Traits>& std::operator<<(std::basic_ostream<_CharT, _Traits>&, char)
     operator<<(basic_ostream<_CharT, _Traits>& __out, char __c)
     ^~~~~~~~
/usr/include/c++/7/ostream:502:5: note:   template argument deduction/substitution failed:
/home/nsriram/ws_moveit/src/stomp_ros/stomp_moveit/src/cost_functions/experiment_check.cpp:239:36: note:   cannot convert ‘joint_values’ (type ‘std::vector<double>’) to type ‘char’
       std::cout<<"joint values: "<<joint_values<<"\n";
                                    ^~~~~~~~~~~~
In file included from /usr/include/c++/7/istream:39:0,
                 from /usr/include/c++/7/sstream:38,
                 from /opt/ros/melodic/include/ros/console.h:38,
                 from /home/nsriram/ws_moveit/src/stomp_ros/stomp_moveit/src/cost_functions/experiment_check.cpp:26:
/usr/include/c++/7/ostream:497:5: note: candidate: template<class _CharT, class _Traits> std::basic_ostream<_CharT, _Traits>& std::operator<<(std::basic_ostream<_CharT, _Traits>&, _CharT)
     operator<<(basic_ostream<_CharT, _Traits>& __out, _CharT __c)
     ^~~~~~~~
/usr/include/c++/7/ostream:497:5: note:   template argument deduction/substitution failed:
/home/nsriram/ws_moveit/src/stomp_ros/stomp_moveit/src/cost_functions/experiment_check.cpp:239:36: note:   deduced conflicting types for parameter ‘_CharT’ (‘char’ and ‘std::vector<double>’)
       std::cout<<"joint values: "<<joint_values<<"\n";
                                    ^~~~~~~~~~~~
In file included from /usr/include/c++/7/bits/ios_base.h:46:0,
                 from /usr/include/c++/7/ios:42,
                 from /usr/include/c++/7/istream:38,
                 from /usr/include/c++/7/sstream:38,
                 from /opt/ros/melodic/include/ros/console.h:38,
                 from /home/nsriram/ws_moveit/src/stomp_ros/stomp_moveit/src/cost_functions/experiment_check.cpp:26:
/usr/include/c++/7/system_error:217:5: note: candidate: template<class _CharT, class _Traits> std::basic_ostream<_CharT, _Traits>& std::operator<<(std::basic_ostream<_CharT, _Traits>&, const std::error_code&)
     operator<<(basic_ostream<_CharT, _Traits>& __os, const error_code& __e)
     ^~~~~~~~
/usr/include/c++/7/system_error:217:5: note:   template argument deduction/substitution failed:
/home/nsriram/ws_moveit/src/stomp_ros/stomp_moveit/src/cost_functions/experiment_check.cpp:239:36: note:   cannot convert ‘joint_values’ (type ‘std::vector<double>’) to type ‘const std::error_code&’
       std::cout<<"joint values: "<<joint_values<<"\n";
                                    ^~~~~~~~~~~~
In file included from /usr/include/c++/7/string:52:0,
                 from /usr/include/c++/7/bits/locale_classes.h:40,
                 from /usr/include/c++/7/bits/ios_base.h:41,
                 from /usr/include/c++/7/ios:42,
                 from /usr/include/c++/7/istream:38,
                 from /usr/include/c++/7/sstream:38,
                 from /opt/ros/melodic/include/ros/console.h:38,
                 from /home/nsriram/ws_moveit/src/stomp_ros/stomp_moveit/src/cost_functions/experiment_check.cpp:26:
/usr/include/c++/7/bits/basic_string.h:6284:5: note: candidate: template<class _CharT, class _Traits, class _Alloc> std::basic_ostream<_CharT, _Traits>& std::operator<<(std::basic_ostream<_CharT, _Traits>&, const std::__cxx11::basic_string<_CharT, _Traits, _Alloc>&)
     operator<<(basic_ostream<_CharT, _Traits>& __os,
     ^~~~~~~~
/usr/include/c++/7/bits/basic_string.h:6284:5: note:   template argument deduction/substitution failed:
/home/nsriram/ws_moveit/src/stomp_ros/stomp_moveit/src/cost_functions/experiment_check.cpp:239:36: note:   ‘std::vector<double>’ is not derived from ‘const std::__cxx11::basic_string<_CharT, _Traits, _Alloc>’
       std::cout<<"joint values: "<<joint_values<<"\n";
                                    ^~~~~~~~~~~~
make[2]: *** [CMakeFiles/stomp_moveit_cost_functions.dir/src/cost_functions/experiment_check.cpp.o] Error 1
make[1]: *** [CMakeFiles/stomp_moveit_cost_functions.dir/all] Error 2
make: *** [all] Error 2
