/home/nsriram/ws_moveit/src/stomp_ros/stomp_moveit/src/stomp_planner.cpp: In member function ‘virtual bool stomp_moveit::StompPlanner::solve(planning_interface::MotionPlanDetailedResponse&)’:
/home/nsriram/ws_moveit/src/stomp_ros/stomp_moveit/src/stomp_planner.cpp:301:25: error: no match for ‘operator<<’ (operand types are ‘std::ofstream {aka std::basic_ofstream<char>}’ and ‘trajectory_msgs::JointTrajectoryPoint_<std::allocator<void> >::_positions_type {aka std::vector<double>}’)
     StompPlanner::traj_f<<trajectory.points[i].positions<<" ";
     ~~~~~~~~~~~~~~~~~~~~^~~~~~~~~~~~~~~~~~~~~~~~~~~~~~~~
In file included from /usr/include/c++/7/iostream:39:0,
                 from /opt/ros/melodic/include/ros/time.h:54,
                 from /opt/ros/melodic/include/ros/ros.h:38,
                 from /home/nsriram/ws_moveit/src/stomp_ros/stomp_moveit/src/stomp_planner.cpp:26:
/usr/include/c++/7/ostream:108:7: note: candidate: std::basic_ostream<_CharT, _Traits>::__ostream_type& std::basic_ostream<_CharT, _Traits>::operator<<(std::basic_ostream<_CharT, _Traits>::__ostream_type& (*)(std::basic_ostream<_CharT, _Traits>::__ostream_type&)) [with _CharT = char; _Traits = std::char_traits<char>; std::basic_ostream<_CharT, _Traits>::__ostream_type = std::basic_ostream<char>]
       operator<<(__ostream_type& (*__pf)(__ostream_type&))
       ^~~~~~~~
/usr/include/c++/7/ostream:108:7: note:   no known conversion for argument 1 from ‘trajectory_msgs::JointTrajectoryPoint_<std::allocator<void> >::_positions_type {aka std::vector<double>}’ to ‘std::basic_ostream<char>::__ostream_type& (*)(std::basic_ostream<char>::__ostream_type&) {aka std::basic_ostream<char>& (*)(std::basic_ostream<char>&)}’
/usr/include/c++/7/ostream:117:7: note: candidate: std::basic_ostream<_CharT, _Traits>::__ostream_type& std::basic_ostream<_CharT, _Traits>::operator<<(std::basic_ostream<_CharT, _Traits>::__ios_type& (*)(std::basic_ostream<_CharT, _Traits>::__ios_type&)) [with _CharT = char; _Traits = std::char_traits<char>; std::basic_ostream<_CharT, _Traits>::__ostream_type = std::basic_ostream<char>; std::basic_ostream<_CharT, _Traits>::__ios_type = std::basic_ios<char>]
       operator<<(__ios_type& (*__pf)(__ios_type&))
       ^~~~~~~~
/usr/include/c++/7/ostream:117:7: note:   no known conversion for argument 1 from ‘trajectory_msgs::JointTrajectoryPoint_<std::allocator<void> >::_positions_type {aka std::vector<double>}’ to ‘std::basic_ostream<char>::__ios_type& (*)(std::basic_ostream<char>::__ios_type&) {aka std::basic_ios<char>& (*)(std::basic_ios<char>&)}’
/usr/include/c++/7/ostream:127:7: note: candidate: std::basic_ostream<_CharT, _Traits>::__ostream_type& std::basic_ostream<_CharT, _Traits>::operator<<(std::ios_base& (*)(std::ios_base&)) [with _CharT = char; _Traits = std::char_traits<char>; std::basic_ostream<_CharT, _Traits>::__ostream_type = std::basic_ostream<char>]
       operator<<(ios_base& (*__pf) (ios_base&))
       ^~~~~~~~
/usr/include/c++/7/ostream:127:7: note:   no known conversion for argument 1 from ‘trajectory_msgs::JointTrajectoryPoint_<std::allocator<void> >::_positions_type {aka std::vector<double>}’ to ‘std::ios_base& (*)(std::ios_base&)’
/usr/include/c++/7/ostream:166:7: note: candidate: std::basic_ostream<_CharT, _Traits>::__ostream_type& std::basic_ostream<_CharT, _Traits>::operator<<(long int) [with _CharT = char; _Traits = std::char_traits<char>; std::basic_ostream<_CharT, _Traits>::__ostream_type = std::basic_ostream<char>]
       operator<<(long __n)
       ^~~~~~~~
/usr/include/c++/7/ostream:166:7: note:   no known conversion for argument 1 from ‘trajectory_msgs::JointTrajectoryPoint_<std::allocator<void> >::_positions_type {aka std::vector<double>}’ to ‘long int’
/usr/include/c++/7/ostream:170:7: note: candidate: std::basic_ostream<_CharT, _Traits>::__ostream_type& std::basic_ostream<_CharT, _Traits>::operator<<(long unsigned int) [with _CharT = char; _Traits = std::char_traits<char>; std::basic_ostream<_CharT, _Traits>::__ostream_type = std::basic_ostream<char>]
       operator<<(unsigned long __n)
       ^~~~~~~~
/usr/include/c++/7/ostream:170:7: note:   no known conversion for argument 1 from ‘trajectory_msgs::JointTrajectoryPoint_<std::allocator<void> >::_positions_type {aka std::vector<double>}’ to ‘long unsigned int’
/usr/include/c++/7/ostream:174:7: note: candidate: std::basic_ostream<_CharT, _Traits>::__ostream_type& std::basic_ostream<_CharT, _Traits>::operator<<(bool) [with _CharT = char; _Traits = std::char_traits<char>; std::basic_ostream<_CharT, _Traits>::__ostream_type = std::basic_ostream<char>]
       operator<<(bool __n)
       ^~~~~~~~
/usr/include/c++/7/ostream:174:7: note:   no known conversion for argument 1 from ‘trajectory_msgs::JointTrajectoryPoint_<std::allocator<void> >::_positions_type {aka std::vector<double>}’ to ‘bool’
In file included from /usr/include/c++/7/ostream:693:0,
                 from /usr/include/c++/7/iostream:39,
                 from /opt/ros/melodic/include/ros/time.h:54,
                 from /opt/ros/melodic/include/ros/ros.h:38,
                 from /home/nsriram/ws_moveit/src/stomp_ros/stomp_moveit/src/stomp_planner.cpp:26:
/usr/include/c++/7/bits/ostream.tcc:91:5: note: candidate: std::basic_ostream<_CharT, _Traits>& std::basic_ostream<_CharT, _Traits>::operator<<(short int) [with _CharT = char; _Traits = std::char_traits<char>]
     basic_ostream<_CharT, _Traits>::
     ^~~~~~~~~~~~~~~~~~~~~~~~~~~~~~
/usr/include/c++/7/bits/ostream.tcc:91:5: note:   no known conversion for argument 1 from ‘trajectory_msgs::JointTrajectoryPoint_<std::allocator<void> >::_positions_type {aka std::vector<double>}’ to ‘short int’
In file included from /usr/include/c++/7/iostream:39:0,
                 from /opt/ros/melodic/include/ros/time.h:54,
                 from /opt/ros/melodic/include/ros/ros.h:38,
                 from /home/nsriram/ws_moveit/src/stomp_ros/stomp_moveit/src/stomp_planner.cpp:26:
/usr/include/c++/7/ostream:181:7: note: candidate: std::basic_ostream<_CharT, _Traits>::__ostream_type& std::basic_ostream<_CharT, _Traits>::operator<<(short unsigned int) [with _CharT = char; _Traits = std::char_traits<char>; std::basic_ostream<_CharT, _Traits>::__ostream_type = std::basic_ostream<char>]
       operator<<(unsigned short __n)
       ^~~~~~~~
/usr/include/c++/7/ostream:181:7: note:   no known conversion for argument 1 from ‘trajectory_msgs::JointTrajectoryPoint_<std::allocator<void> >::_positions_type {aka std::vector<double>}’ to ‘short unsigned int’
In file included from /usr/include/c++/7/ostream:693:0,
                 from /usr/include/c++/7/iostream:39,
                 from /opt/ros/melodic/include/ros/time.h:54,
                 from /opt/ros/melodic/include/ros/ros.h:38,
                 from /home/nsriram/ws_moveit/src/stomp_ros/stomp_moveit/src/stomp_planner.cpp:26:
/usr/include/c++/7/bits/ostream.tcc:105:5: note: candidate: std::basic_ostream<_CharT, _Traits>& std::basic_ostream<_CharT, _Traits>::operator<<(int) [with _CharT = char; _Traits = std::char_traits<char>]
     basic_ostream<_CharT, _Traits>::
     ^~~~~~~~~~~~~~~~~~~~~~~~~~~~~~
/usr/include/c++/7/bits/ostream.tcc:105:5: note:   no known conversion for argument 1 from ‘trajectory_msgs::JointTrajectoryPoint_<std::allocator<void> >::_positions_type {aka std::vector<double>}’ to ‘int’
In file included from /usr/include/c++/7/iostream:39:0,
                 from /opt/ros/melodic/include/ros/time.h:54,
                 from /opt/ros/melodic/include/ros/ros.h:38,
                 from /home/nsriram/ws_moveit/src/stomp_ros/stomp_moveit/src/stomp_planner.cpp:26:
/usr/include/c++/7/ostream:192:7: note: candidate: std::basic_ostream<_CharT, _Traits>::__ostream_type& std::basic_ostream<_CharT, _Traits>::operator<<(unsigned int) [with _CharT = char; _Traits = std::char_traits<char>; std::basic_ostream<_CharT, _Traits>::__ostream_type = std::basic_ostream<char>]
       operator<<(unsigned int __n)
       ^~~~~~~~
/usr/include/c++/7/ostream:192:7: note:   no known conversion for argument 1 from ‘trajectory_msgs::JointTrajectoryPoint_<std::allocator<void> >::_positions_type {aka std::vector<double>}’ to ‘unsigned int’
/usr/include/c++/7/ostream:201:7: note: candidate: std::basic_ostream<_CharT, _Traits>::__ostream_type& std::basic_ostream<_CharT, _Traits>::operator<<(long long int) [with _CharT = char; _Traits = std::char_traits<char>; std::basic_ostream<_CharT, _Traits>::__ostream_type = std::basic_ostream<char>]
       operator<<(long long __n)
       ^~~~~~~~
/usr/include/c++/7/ostream:201:7: note:   no known conversion for argument 1 from ‘trajectory_msgs::JointTrajectoryPoint_<std::allocator<void> >::_positions_type {aka std::vector<double>}’ to ‘long long int’
/usr/include/c++/7/ostream:205:7: note: candidate: std::basic_ostream<_CharT, _Traits>::__ostream_type& std::basic_ostream<_CharT, _Traits>::operator<<(long long unsigned int) [with _CharT = char; _Traits = std::char_traits<char>; std::basic_ostream<_CharT, _Traits>::__ostream_type = std::basic_ostream<char>]
       operator<<(unsigned long long __n)
       ^~~~~~~~
/usr/include/c++/7/ostream:205:7: note:   no known conversion for argument 1 from ‘trajectory_msgs::JointTrajectoryPoint_<std::allocator<void> >::_positions_type {aka std::vector<double>}’ to ‘long long unsigned int’
/usr/include/c++/7/ostream:220:7: note: candidate: std::basic_ostream<_CharT, _Traits>::__ostream_type& std::basic_ostream<_CharT, _Traits>::operator<<(double) [with _CharT = char; _Traits = std::char_traits<char>; std::basic_ostream<_CharT, _Traits>::__ostream_type = std::basic_ostream<char>]
       operator<<(double __f)
       ^~~~~~~~
/usr/include/c++/7/ostream:220:7: note:   no known conversion for argument 1 from ‘trajectory_msgs::JointTrajectoryPoint_<std::allocator<void> >::_positions_type {aka std::vector<double>}’ to ‘double’
/usr/include/c++/7/ostream:224:7: note: candidate: std::basic_ostream<_CharT, _Traits>::__ostream_type& std::basic_ostream<_CharT, _Traits>::operator<<(float) [with _CharT = char; _Traits = std::char_traits<char>; std::basic_ostream<_CharT, _Traits>::__ostream_type = std::basic_ostream<char>]
       operator<<(float __f)
       ^~~~~~~~
/usr/include/c++/7/ostream:224:7: note:   no known conversion for argument 1 from ‘trajectory_msgs::JointTrajectoryPoint_<std::allocator<void> >::_positions_type {aka std::vector<double>}’ to ‘float’
/usr/include/c++/7/ostream:232:7: note: candidate: std::basic_ostream<_CharT, _Traits>::__ostream_type& std::basic_ostream<_CharT, _Traits>::operator<<(long double) [with _CharT = char; _Traits = std::char_traits<char>; std::basic_ostream<_CharT, _Traits>::__ostream_type = std::basic_ostream<char>]
       operator<<(long double __f)
       ^~~~~~~~
/usr/include/c++/7/ostream:232:7: note:   no known conversion for argument 1 from ‘trajectory_msgs::JointTrajectoryPoint_<std::allocator<void> >::_positions_type {aka std::vector<double>}’ to ‘long double’
/usr/include/c++/7/ostream:245:7: note: candidate: std::basic_ostream<_CharT, _Traits>::__ostream_type& std::basic_ostream<_CharT, _Traits>::operator<<(const void*) [with _CharT = char; _Traits = std::char_traits<char>; std::basic_ostream<_CharT, _Traits>::__ostream_type = std::basic_ostream<char>]
       operator<<(const void* __p)
       ^~~~~~~~
/usr/include/c++/7/ostream:245:7: note:   no known conversion for argument 1 from ‘trajectory_msgs::JointTrajectoryPoint_<std::allocator<void> >::_positions_type {aka std::vector<double>}’ to ‘const void*’
In file included from /usr/include/c++/7/ostream:693:0,
                 from /usr/include/c++/7/iostream:39,
                 from /opt/ros/melodic/include/ros/time.h:54,
                 from /opt/ros/melodic/include/ros/ros.h:38,
                 from /home/nsriram/ws_moveit/src/stomp_ros/stomp_moveit/src/stomp_planner.cpp:26:
/usr/include/c++/7/bits/ostream.tcc:119:5: note: candidate: std::basic_ostream<_CharT, _Traits>& std::basic_ostream<_CharT, _Traits>::operator<<(std::basic_ostream<_CharT, _Traits>::__streambuf_type*) [with _CharT = char; _Traits = std::char_traits<char>; std::basic_ostream<_CharT, _Traits>::__streambuf_type = std::basic_streambuf<char>]
     basic_ostream<_CharT, _Traits>::
     ^~~~~~~~~~~~~~~~~~~~~~~~~~~~~~
/usr/include/c++/7/bits/ostream.tcc:119:5: note:   no known conversion for argument 1 from ‘trajectory_msgs::JointTrajectoryPoint_<std::allocator<void> >::_positions_type {aka std::vector<double>}’ to ‘std::basic_ostream<char>::__streambuf_type* {aka std::basic_streambuf<char>*}’
In file included from /opt/ros/melodic/include/ros/node_handle.h:52:0,
                 from /opt/ros/melodic/include/ros/ros.h:45,
                 from /home/nsriram/ws_moveit/src/stomp_ros/stomp_moveit/src/stomp_planner.cpp:26:
/opt/ros/melodic/include/xmlrpcpp/XmlRpcValue.h:207:29: note: candidate: std::ostream& operator<<(std::ostream&, const XmlRpc::XmlRpcValue&)
 XMLRPCPP_DECL std::ostream& operator<<(std::ostream& os, const XmlRpc::XmlRpcValue& v);
                             ^~~~~~~~
/opt/ros/melodic/include/xmlrpcpp/XmlRpcValue.h:207:29: note:   no known conversion for argument 2 from ‘trajectory_msgs::JointTrajectoryPoint_<std::allocator<void> >::_positions_type {aka std::vector<double>}’ to ‘const XmlRpc::XmlRpcValue&’
In file included from /opt/ros/melodic/include/trac_ik/trac_ik.hpp:37:0,
                 from /home/nsriram/ws_moveit/src/stomp_ros/stomp_moveit/include/stomp_moveit/utils/kinematics.h:40,
                 from /home/nsriram/ws_moveit/src/stomp_ros/stomp_moveit/include/stomp_moveit/stomp_planner.h:32,
                 from /home/nsriram/ws_moveit/src/stomp_ros/stomp_moveit/src/stomp_planner.cpp:28:
/usr/include/c++/7/thread:313:5: note: candidate: template<class _CharT, class _Traits> std::basic_ostream<_CharT, _Traits>& std::operator<<(std::basic_ostream<_CharT, _Traits>&, std::thread::id)
     operator<<(basic_ostream<_CharT, _Traits>& __out, thread::id __id)
     ^~~~~~~~
/usr/include/c++/7/thread:313:5: note:   template argument deduction/substitution failed:
/home/nsriram/ws_moveit/src/stomp_ros/stomp_moveit/src/stomp_planner.cpp:301:48: note:   cannot convert ‘trajectory.trajectory_msgs::JointTrajectory_<std::allocator<void> >::points.std::vector<trajectory_msgs::JointTrajectoryPoint_<std::allocator<void> >, std::allocator<trajectory_msgs::JointTrajectoryPoint_<std::allocator<void> > > >::operator[](((std::vector<trajectory_msgs::JointTrajectoryPoint_<std::allocator<void> >, std::allocator<trajectory_msgs::JointTrajectoryPoint_<std::allocator<void> > > >::size_type)i)).trajectory_msgs::JointTrajectoryPoint_<std::allocator<void> >::positions’ (type ‘trajectory_msgs::JointTrajectoryPoint_<std::allocator<void> >::_positions_type {aka std::vector<double>}’) to type ‘std::thread::id’
     StompPlanner::traj_f<<trajectory.points[i].positions<<" ";
In file included from /usr/include/boost/detail/container_fwd.hpp:96:0,
                 from /usr/include/boost/functional/hash/extensions.hpp:22,
                 from /usr/include/boost/functional/hash/hash.hpp:594,
                 from /usr/include/boost/functional/hash.hpp:6,
                 from /usr/include/boost/thread/detail/thread.hpp:38,
                 from /usr/include/boost/thread/thread_only.hpp:22,
                 from /usr/include/boost/thread/thread.hpp:12,
                 from /usr/include/boost/thread.hpp:13,
                 from /opt/ros/melodic/include/class_loader/multi_library_class_loader.hpp:35,
                 from /opt/ros/melodic/include/pluginlib/./class_loader.hpp:38,
                 from /opt/ros/melodic/include/pluginlib/class_loader.h:35,
                 from /home/nsriram/ws_moveit/src/stomp_ros/stomp_moveit/include/stomp_moveit/stomp_optimization_task.h:35,
                 from /home/nsriram/ws_moveit/src/stomp_ros/stomp_moveit/include/stomp_moveit/stomp_planner.h:31,
                 from /home/nsriram/ws_moveit/src/stomp_ros/stomp_moveit/src/stomp_planner.cpp:28:
/usr/include/c++/7/bitset:1530:5: note: candidate: template<class _CharT, class _Traits, long unsigned int _Nb> std::basic_ostream<_CharT, _Traits>& std::operator<<(std::basic_ostream<_CharT, _Traits>&, const std::bitset<_Nb>&)
     operator<<(std::basic_ostream<_CharT, _Traits>& __os,
     ^~~~~~~~
/usr/include/c++/7/bitset:1530:5: note:   template argument deduction/substitution failed:
/home/nsriram/ws_moveit/src/stomp_ros/stomp_moveit/src/stomp_planner.cpp:301:48: note:   ‘trajectory_msgs::JointTrajectoryPoint_<std::allocator<void> >::_positions_type {aka std::vector<double>}’ is not derived from ‘const std::bitset<_Nb>’
     StompPlanner::traj_f<<trajectory.points[i].positions<<" ";
                                                ^~~~~~~~~
In file included from /usr/include/c++/7/memory:81:0,
                 from /usr/include/boost/config/no_tr1/memory.hpp:21,
                 from /usr/include/boost/smart_ptr/shared_ptr.hpp:23,
                 from /usr/include/boost/shared_ptr.hpp:17,
                 from /opt/ros/melodic/include/ros/forwards.h:37,
                 from /opt/ros/melodic/include/ros/common.h:37,
                 from /opt/ros/melodic/include/ros/ros.h:43,
                 from /home/nsriram/ws_moveit/src/stomp_ros/stomp_moveit/src/stomp_planner.cpp:26:
/usr/include/c++/7/bits/shared_ptr.h:66:5: note: candidate: template<class _Ch, class _Tr, class _Tp, __gnu_cxx::_Lock_policy _Lp> std::basic_ostream<_CharT, _Traits>& std::operator<<(std::basic_ostream<_CharT, _Traits>&, const std::__shared_ptr<_Tp, _Lp>&)
     operator<<(std::basic_ostream<_Ch, _Tr>& __os,
     ^~~~~~~~
/usr/include/c++/7/bits/shared_ptr.h:66:5: note:   template argument deduction/substitution failed:
/home/nsriram/ws_moveit/src/stomp_ros/stomp_moveit/src/stomp_planner.cpp:301:48: note:   ‘trajectory_msgs::JointTrajectoryPoint_<std::allocator<void> >::_positions_type {aka std::vector<double>}’ is not derived from ‘const std::__shared_ptr<_Tp, _Lp>’
     StompPlanner::traj_f<<trajectory.points[i].positions<<" ";
                                                ^~~~~~~~~
In file included from /usr/include/boost/config/no_tr1/complex.hpp:21:0,
                 from /usr/include/boost/math/policies/error_handling.hpp:17,
                 from /usr/include/boost/math/special_functions/round.hpp:14,
                 from /opt/ros/melodic/include/ros/time.h:58,
                 from /opt/ros/melodic/include/ros/ros.h:38,
                 from /home/nsriram/ws_moveit/src/stomp_ros/stomp_moveit/src/stomp_planner.cpp:26:
/usr/include/c++/7/complex:528:5: note: candidate: template<class _Tp, class _CharT, class _Traits> std::basic_ostream<_CharT, _Traits>& std::operator<<(std::basic_ostream<_CharT, _Traits>&, const std::complex<_Tp>&)
     operator<<(basic_ostream<_CharT, _Traits>& __os, const complex<_Tp>& __x)
     ^~~~~~~~
/usr/include/c++/7/complex:528:5: note:   template argument deduction/substitution failed:
/home/nsriram/ws_moveit/src/stomp_ros/stomp_moveit/src/stomp_planner.cpp:301:48: note:   ‘trajectory_msgs::JointTrajectoryPoint_<std::allocator<void> >::_positions_type {aka std::vector<double>}’ is not derived from ‘const std::complex<_Tp>’
     StompPlanner::traj_f<<trajectory.points[i].positions<<" ";
                                                ^~~~~~~~~
In file included from /usr/include/boost/math/policies/error_handling.hpp:12:0,
                 from /usr/include/boost/math/special_functions/round.hpp:14,
                 from /opt/ros/melodic/include/ros/time.h:58,
                 from /opt/ros/melodic/include/ros/ros.h:38,
                 from /home/nsriram/ws_moveit/src/stomp_ros/stomp_moveit/src/stomp_planner.cpp:26:
/usr/include/c++/7/iomanip:363:5: note: candidate: template<class _CharT, class _Traits> std::basic_ostream<_CharT, _Traits>& std::operator<<(std::basic_ostream<_CharT, _Traits>&, std::_Put_time<_CharT>)
     operator<<(basic_ostream<_CharT, _Traits>& __os, _Put_time<_CharT> __f)
     ^~~~~~~~
/usr/include/c++/7/iomanip:363:5: note:   template argument deduction/substitution failed:
/home/nsriram/ws_moveit/src/stomp_ros/stomp_moveit/src/stomp_planner.cpp:301:48: note:   ‘std::vector<double>’ is not derived from ‘std::_Put_time<_CharT>’
     StompPlanner::traj_f<<trajectory.points[i].positions<<" ";
                                                ^~~~~~~~~
In file included from /usr/include/boost/math/policies/error_handling.hpp:12:0,
                 from /usr/include/boost/math/special_functions/round.hpp:14,
                 from /opt/ros/melodic/include/ros/time.h:58,
                 from /opt/ros/melodic/include/ros/ros.h:38,
                 from /home/nsriram/ws_moveit/src/stomp_ros/stomp_moveit/src/stomp_planner.cpp:26:
/usr/include/c++/7/iomanip:311:5: note: candidate: template<class _CharT, class _Traits, class _MoneyT> std::basic_ostream<_CharT, _Traits>& std::operator<<(std::basic_ostream<_CharT, _Traits>&, std::_Put_money<_MoneyT>)
     operator<<(basic_ostream<_CharT, _Traits>& __os, _Put_money<_MoneyT> __f)
     ^~~~~~~~
/usr/include/c++/7/iomanip:311:5: note:   template argument deduction/substitution failed:
/home/nsriram/ws_moveit/src/stomp_ros/stomp_moveit/src/stomp_planner.cpp:301:48: note:   ‘std::vector<double>’ is not derived from ‘std::_Put_money<_MoneyT>’
     StompPlanner::traj_f<<trajectory.points[i].positions<<" ";
                                                ^~~~~~~~~
In file included from /usr/include/boost/math/policies/error_handling.hpp:12:0,
                 from /usr/include/boost/math/special_functions/round.hpp:14,
                 from /opt/ros/melodic/include/ros/time.h:58,
                 from /opt/ros/melodic/include/ros/ros.h:38,
                 from /home/nsriram/ws_moveit/src/stomp_ros/stomp_moveit/src/stomp_planner.cpp:26:
/usr/include/c++/7/iomanip:238:5: note: candidate: template<class _CharT, class _Traits> std::basic_ostream<_CharT, _Traits>& std::operator<<(std::basic_ostream<_CharT, _Traits>&, std::_Setw)
     operator<<(basic_ostream<_CharT, _Traits>& __os, _Setw __f)
     ^~~~~~~~
/usr/include/c++/7/iomanip:238:5: note:   template argument deduction/substitution failed:
/home/nsriram/ws_moveit/src/stomp_ros/stomp_moveit/src/stomp_planner.cpp:301:48: note:   cannot convert ‘trajectory.trajectory_msgs::JointTrajectory_<std::allocator<void> >::points.std::vector<trajectory_msgs::JointTrajectoryPoint_<std::allocator<void> >, std::allocator<trajectory_msgs::JointTrajectoryPoint_<std::allocator<void> > > >::operator[](((std::vector<trajectory_msgs::JointTrajectoryPoint_<std::allocator<void> >, std::allocator<trajectory_msgs::JointTrajectoryPoint_<std::allocator<void> > > >::size_type)i)).trajectory_msgs::JointTrajectoryPoint_<std::allocator<void> >::positions’ (type ‘trajectory_msgs::JointTrajectoryPoint_<std::allocator<void> >::_positions_type {aka std::vector<double>}’) to type ‘std::_Setw’
     StompPlanner::traj_f<<trajectory.points[i].positions<<" ";
In file included from /usr/include/boost/math/policies/error_handling.hpp:12:0,
                 from /usr/include/boost/math/special_functions/round.hpp:14,
                 from /opt/ros/melodic/include/ros/time.h:58,
                 from /opt/ros/melodic/include/ros/ros.h:38,
                 from /home/nsriram/ws_moveit/src/stomp_ros/stomp_moveit/src/stomp_planner.cpp:26:
/usr/include/c++/7/iomanip:208:5: note: candidate: template<class _CharT, class _Traits> std::basic_ostream<_CharT, _Traits>& std::operator<<(std::basic_ostream<_CharT, _Traits>&, std::_Setprecision)
     operator<<(basic_ostream<_CharT, _Traits>& __os, _Setprecision __f)
     ^~~~~~~~
/usr/include/c++/7/iomanip:208:5: note:   template argument deduction/substitution failed:
/home/nsriram/ws_moveit/src/stomp_ros/stomp_moveit/src/stomp_planner.cpp:301:48: note:   cannot convert ‘trajectory.trajectory_msgs::JointTrajectory_<std::allocator<void> >::points.std::vector<trajectory_msgs::JointTrajectoryPoint_<std::allocator<void> >, std::allocator<trajectory_msgs::JointTrajectoryPoint_<std::allocator<void> > > >::operator[](((std::vector<trajectory_msgs::JointTrajectoryPoint_<std::allocator<void> >, std::allocator<trajectory_msgs::JointTrajectoryPoint_<std::allocator<void> > > >::size_type)i)).trajectory_msgs::JointTrajectoryPoint_<std::allocator<void> >::positions’ (type ‘trajectory_msgs::JointTrajectoryPoint_<std::allocator<void> >::_positions_type {aka std::vector<double>}’) to type ‘std::_Setprecision’
     StompPlanner::traj_f<<trajectory.points[i].positions<<" ";
In file included from /usr/include/boost/math/policies/error_handling.hpp:12:0,
                 from /usr/include/boost/math/special_functions/round.hpp:14,
                 from /opt/ros/melodic/include/ros/time.h:58,
                 from /opt/ros/melodic/include/ros/ros.h:38,
                 from /home/nsriram/ws_moveit/src/stomp_ros/stomp_moveit/src/stomp_planner.cpp:26:
/usr/include/c++/7/iomanip:178:5: note: candidate: template<class _CharT, class _Traits> std::basic_ostream<_CharT, _Traits>& std::operator<<(std::basic_ostream<_CharT, _Traits>&, std::_Setfill<_CharT>)
     operator<<(basic_ostream<_CharT, _Traits>& __os, _Setfill<_CharT> __f)
     ^~~~~~~~
/usr/include/c++/7/iomanip:178:5: note:   template argument deduction/substitution failed:
/home/nsriram/ws_moveit/src/stomp_ros/stomp_moveit/src/stomp_planner.cpp:301:48: note:   ‘std::vector<double>’ is not derived from ‘std::_Setfill<_CharT>’
     StompPlanner::traj_f<<trajectory.points[i].positions<<" ";
                                                ^~~~~~~~~
In file included from /usr/include/boost/math/policies/error_handling.hpp:12:0,
                 from /usr/include/boost/math/special_functions/round.hpp:14,
                 from /opt/ros/melodic/include/ros/time.h:58,
                 from /opt/ros/melodic/include/ros/ros.h:38,
                 from /home/nsriram/ws_moveit/src/stomp_ros/stomp_moveit/src/stomp_planner.cpp:26:
/usr/include/c++/7/iomanip:143:5: note: candidate: template<class _CharT, class _Traits> std::basic_ostream<_CharT, _Traits>& std::operator<<(std::basic_ostream<_CharT, _Traits>&, std::_Setbase)
     operator<<(basic_ostream<_CharT, _Traits>& __os, _Setbase __f)
     ^~~~~~~~
/usr/include/c++/7/iomanip:143:5: note:   template argument deduction/substitution failed:
/home/nsriram/ws_moveit/src/stomp_ros/stomp_moveit/src/stomp_planner.cpp:301:48: note:   cannot convert ‘trajectory.trajectory_msgs::JointTrajectory_<std::allocator<void> >::points.std::vector<trajectory_msgs::JointTrajectoryPoint_<std::allocator<void> >, std::allocator<trajectory_msgs::JointTrajectoryPoint_<std::allocator<void> > > >::operator[](((std::vector<trajectory_msgs::JointTrajectoryPoint_<std::allocator<void> >, std::allocator<trajectory_msgs::JointTrajectoryPoint_<std::allocator<void> > > >::size_type)i)).trajectory_msgs::JointTrajectoryPoint_<std::allocator<void> >::positions’ (type ‘trajectory_msgs::JointTrajectoryPoint_<std::allocator<void> >::_positions_type {aka std::vector<double>}’) to type ‘std::_Setbase’
     StompPlanner::traj_f<<trajectory.points[i].positions<<" ";
In file included from /usr/include/boost/math/policies/error_handling.hpp:12:0,
                 from /usr/include/boost/math/special_functions/round.hpp:14,
                 from /opt/ros/melodic/include/ros/time.h:58,
                 from /opt/ros/melodic/include/ros/ros.h:38,
                 from /home/nsriram/ws_moveit/src/stomp_ros/stomp_moveit/src/stomp_planner.cpp:26:
/usr/include/c++/7/iomanip:109:5: note: candidate: template<class _CharT, class _Traits> std::basic_ostream<_CharT, _Traits>& std::operator<<(std::basic_ostream<_CharT, _Traits>&, std::_Setiosflags)
     operator<<(basic_ostream<_CharT, _Traits>& __os, _Setiosflags __f)
     ^~~~~~~~
/usr/include/c++/7/iomanip:109:5: note:   template argument deduction/substitution failed:
/home/nsriram/ws_moveit/src/stomp_ros/stomp_moveit/src/stomp_planner.cpp:301:48: note:   cannot convert ‘trajectory.trajectory_msgs::JointTrajectory_<std::allocator<void> >::points.std::vector<trajectory_msgs::JointTrajectoryPoint_<std::allocator<void> >, std::allocator<trajectory_msgs::JointTrajectoryPoint_<std::allocator<void> > > >::operator[](((std::vector<trajectory_msgs::JointTrajectoryPoint_<std::allocator<void> >, std::allocator<trajectory_msgs::JointTrajectoryPoint_<std::allocator<void> > > >::size_type)i)).trajectory_msgs::JointTrajectoryPoint_<std::allocator<void> >::positions’ (type ‘trajectory_msgs::JointTrajectoryPoint_<std::allocator<void> >::_positions_type {aka std::vector<double>}’) to type ‘std::_Setiosflags’
     StompPlanner::traj_f<<trajectory.points[i].positions<<" ";
In file included from /usr/include/boost/math/policies/error_handling.hpp:12:0,
                 from /usr/include/boost/math/special_functions/round.hpp:14,
                 from /opt/ros/melodic/include/ros/time.h:58,
                 from /opt/ros/melodic/include/ros/ros.h:38,
                 from /home/nsriram/ws_moveit/src/stomp_ros/stomp_moveit/src/stomp_planner.cpp:26:
/usr/include/c++/7/iomanip:79:5: note: candidate: template<class _CharT, class _Traits> std::basic_ostream<_CharT, _Traits>& std::operator<<(std::basic_ostream<_CharT, _Traits>&, std::_Resetiosflags)
     operator<<(basic_ostream<_CharT, _Traits>& __os, _Resetiosflags __f)
     ^~~~~~~~
/usr/include/c++/7/iomanip:79:5: note:   template argument deduction/substitution failed:
/home/nsriram/ws_moveit/src/stomp_ros/stomp_moveit/src/stomp_planner.cpp:301:48: note:   cannot convert ‘trajectory.trajectory_msgs::JointTrajectory_<std::allocator<void> >::points.std::vector<trajectory_msgs::JointTrajectoryPoint_<std::allocator<void> >, std::allocator<trajectory_msgs::JointTrajectoryPoint_<std::allocator<void> > > >::operator[](((std::vector<trajectory_msgs::JointTrajectoryPoint_<std::allocator<void> >, std::allocator<trajectory_msgs::JointTrajectoryPoint_<std::allocator<void> > > >::size_type)i)).trajectory_msgs::JointTrajectoryPoint_<std::allocator<void> >::positions’ (type ‘trajectory_msgs::JointTrajectoryPoint_<std::allocator<void> >::_positions_type {aka std::vector<double>}’) to type ‘std::_Resetiosflags’
     StompPlanner::traj_f<<trajectory.points[i].positions<<" ";
In file included from /usr/include/c++/7/iostream:39:0,
                 from /opt/ros/melodic/include/ros/time.h:54,
                 from /opt/ros/melodic/include/ros/ros.h:38,
                 from /home/nsriram/ws_moveit/src/stomp_ros/stomp_moveit/src/stomp_planner.cpp:26:
/usr/include/c++/7/ostream:682:5: note: candidate: template<class _Ostream, class _Tp> typename std::enable_if<std::__and_<std::__not_<std::is_lvalue_reference<_Tp> >, std::__is_convertible_to_basic_ostream<_Ostream>, std::__is_insertable<typename std::__is_convertible_to_basic_ostream<_Tp>::__ostream_type, const _Tp&, void> >::value, typename std::__is_convertible_to_basic_ostream<_Tp>::__ostream_type>::type std::operator<<(_Ostream&&, const _Tp&)
     operator<<(_Ostream&& __os, const _Tp& __x)
     ^~~~~~~~
/usr/include/c++/7/ostream:682:5: note:   template argument deduction/substitution failed:
/usr/include/c++/7/ostream: In substitution of ‘template<class _Ostream, class _Tp> typename std::enable_if<std::__and_<std::__not_<std::is_lvalue_reference<_Tp> >, std::__is_convertible_to_basic_ostream<_Ostream>, std::__is_insertable<typename std::__is_convertible_to_basic_ostream<_Tp>::__ostream_type, const _Tp&, void> >::value, typename std::__is_convertible_to_basic_ostream<_Tp>::__ostream_type>::type std::operator<<(_Ostream&&, const _Tp&) [with _Ostream = std::basic_ofstream<char>&; _Tp = std::vector<double>]’:
/home/nsriram/ws_moveit/src/stomp_ros/stomp_moveit/src/stomp_planner.cpp:301:48:   required from here
/usr/include/c++/7/ostream:682:5: error: no type named ‘type’ in ‘struct std::enable_if<false, std::basic_ostream<char>&>’
/usr/include/c++/7/ostream:574:5: note: candidate: template<class _Traits> std::basic_ostream<char, _Traits>& std::operator<<(std::basic_ostream<char, _Traits>&, const unsigned char*)
     operator<<(basic_ostream<char, _Traits>& __out, const unsigned char* __s)
     ^~~~~~~~
/usr/include/c++/7/ostream:574:5: note:   template argument deduction/substitution failed:
/home/nsriram/ws_moveit/src/stomp_ros/stomp_moveit/src/stomp_planner.cpp:301:48: note:   cannot convert ‘trajectory.trajectory_msgs::JointTrajectory_<std::allocator<void> >::points.std::vector<trajectory_msgs::JointTrajectoryPoint_<std::allocator<void> >, std::allocator<trajectory_msgs::JointTrajectoryPoint_<std::allocator<void> > > >::operator[](((std::vector<trajectory_msgs::JointTrajectoryPoint_<std::allocator<void> >, std::allocator<trajectory_msgs::JointTrajectoryPoint_<std::allocator<void> > > >::size_type)i)).trajectory_msgs::JointTrajectoryPoint_<std::allocator<void> >::positions’ (type ‘trajectory_msgs::JointTrajectoryPoint_<std::allocator<void> >::_positions_type {aka std::vector<double>}’) to type ‘const unsigned char*’
     StompPlanner::traj_f<<trajectory.points[i].positions<<" ";
In file included from /usr/include/c++/7/iostream:39:0,
                 from /opt/ros/melodic/include/ros/time.h:54,
                 from /opt/ros/melodic/include/ros/ros.h:38,
                 from /home/nsriram/ws_moveit/src/stomp_ros/stomp_moveit/src/stomp_planner.cpp:26:
/usr/include/c++/7/ostream:569:5: note: candidate: template<class _Traits> std::basic_ostream<char, _Traits>& std::operator<<(std::basic_ostream<char, _Traits>&, const signed char*)
     operator<<(basic_ostream<char, _Traits>& __out, const signed char* __s)
     ^~~~~~~~
/usr/include/c++/7/ostream:569:5: note:   template argument deduction/substitution failed:
/home/nsriram/ws_moveit/src/stomp_ros/stomp_moveit/src/stomp_planner.cpp:301:48: note:   cannot convert ‘trajectory.trajectory_msgs::JointTrajectory_<std::allocator<void> >::points.std::vector<trajectory_msgs::JointTrajectoryPoint_<std::allocator<void> >, std::allocator<trajectory_msgs::JointTrajectoryPoint_<std::allocator<void> > > >::operator[](((std::vector<trajectory_msgs::JointTrajectoryPoint_<std::allocator<void> >, std::allocator<trajectory_msgs::JointTrajectoryPoint_<std::allocator<void> > > >::size_type)i)).trajectory_msgs::JointTrajectoryPoint_<std::allocator<void> >::positions’ (type ‘trajectory_msgs::JointTrajectoryPoint_<std::allocator<void> >::_positions_type {aka std::vector<double>}’) to type ‘const signed char*’
     StompPlanner::traj_f<<trajectory.points[i].positions<<" ";
In file included from /usr/include/c++/7/iostream:39:0,
                 from /opt/ros/melodic/include/ros/time.h:54,
                 from /opt/ros/melodic/include/ros/ros.h:38,
                 from /home/nsriram/ws_moveit/src/stomp_ros/stomp_moveit/src/stomp_planner.cpp:26:
/usr/include/c++/7/ostream:556:5: note: candidate: template<class _Traits> std::basic_ostream<char, _Traits>& std::operator<<(std::basic_ostream<char, _Traits>&, const char*)
     operator<<(basic_ostream<char, _Traits>& __out, const char* __s)
     ^~~~~~~~
/usr/include/c++/7/ostream:556:5: note:   template argument deduction/substitution failed:
/home/nsriram/ws_moveit/src/stomp_ros/stomp_moveit/src/stomp_planner.cpp:301:48: note:   cannot convert ‘trajectory.trajectory_msgs::JointTrajectory_<std::allocator<void> >::points.std::vector<trajectory_msgs::JointTrajectoryPoint_<std::allocator<void> >, std::allocator<trajectory_msgs::JointTrajectoryPoint_<std::allocator<void> > > >::operator[](((std::vector<trajectory_msgs::JointTrajectoryPoint_<std::allocator<void> >, std::allocator<trajectory_msgs::JointTrajectoryPoint_<std::allocator<void> > > >::size_type)i)).trajectory_msgs::JointTrajectoryPoint_<std::allocator<void> >::positions’ (type ‘trajectory_msgs::JointTrajectoryPoint_<std::allocator<void> >::_positions_type {aka std::vector<double>}’) to type ‘const char*’
     StompPlanner::traj_f<<trajectory.points[i].positions<<" ";
In file included from /usr/include/c++/7/ostream:693:0,
                 from /usr/include/c++/7/iostream:39,
                 from /opt/ros/melodic/include/ros/time.h:54,
                 from /opt/ros/melodic/include/ros/ros.h:38,
                 from /home/nsriram/ws_moveit/src/stomp_ros/stomp_moveit/src/stomp_planner.cpp:26:
/usr/include/c++/7/bits/ostream.tcc:321:5: note: candidate: template<class _CharT, class _Traits> std::basic_ostream<_CharT, _Traits>& std::operator<<(std::basic_ostream<_CharT, _Traits>&, const char*)
     operator<<(basic_ostream<_CharT, _Traits>& __out, const char* __s)
     ^~~~~~~~
/usr/include/c++/7/bits/ostream.tcc:321:5: note:   template argument deduction/substitution failed:
/home/nsriram/ws_moveit/src/stomp_ros/stomp_moveit/src/stomp_planner.cpp:301:48: note:   cannot convert ‘trajectory.trajectory_msgs::JointTrajectory_<std::allocator<void> >::points.std::vector<trajectory_msgs::JointTrajectoryPoint_<std::allocator<void> >, std::allocator<trajectory_msgs::JointTrajectoryPoint_<std::allocator<void> > > >::operator[](((std::vector<trajectory_msgs::JointTrajectoryPoint_<std::allocator<void> >, std::allocator<trajectory_msgs::JointTrajectoryPoint_<std::allocator<void> > > >::size_type)i)).trajectory_msgs::JointTrajectoryPoint_<std::allocator<void> >::positions’ (type ‘trajectory_msgs::JointTrajectoryPoint_<std::allocator<void> >::_positions_type {aka std::vector<double>}’) to type ‘const char*’
     StompPlanner::traj_f<<trajectory.points[i].positions<<" ";
In file included from /usr/include/c++/7/iostream:39:0,
                 from /opt/ros/melodic/include/ros/time.h:54,
                 from /opt/ros/melodic/include/ros/ros.h:38,
                 from /home/nsriram/ws_moveit/src/stomp_ros/stomp_moveit/src/stomp_planner.cpp:26:
/usr/include/c++/7/ostream:539:5: note: candidate: template<class _CharT, class _Traits> std::basic_ostream<_CharT, _Traits>& std::operator<<(std::basic_ostream<_CharT, _Traits>&, const _CharT*)
     operator<<(basic_ostream<_CharT, _Traits>& __out, const _CharT* __s)
     ^~~~~~~~
/usr/include/c++/7/ostream:539:5: note:   template argument deduction/substitution failed:
/home/nsriram/ws_moveit/src/stomp_ros/stomp_moveit/src/stomp_planner.cpp:301:48: note:   mismatched types ‘const _CharT*’ and ‘std::vector<double>’
     StompPlanner::traj_f<<trajectory.points[i].positions<<" ";
                                                ^~~~~~~~~
In file included from /usr/include/c++/7/iostream:39:0,
                 from /opt/ros/melodic/include/ros/time.h:54,
                 from /opt/ros/melodic/include/ros/ros.h:38,
                 from /home/nsriram/ws_moveit/src/stomp_ros/stomp_moveit/src/stomp_planner.cpp:26:
/usr/include/c++/7/ostream:519:5: note: candidate: template<class _Traits> std::basic_ostream<char, _Traits>& std::operator<<(std::basic_ostream<char, _Traits>&, unsigned char)
     operator<<(basic_ostream<char, _Traits>& __out, unsigned char __c)
     ^~~~~~~~
/usr/include/c++/7/ostream:519:5: note:   template argument deduction/substitution failed:
/home/nsriram/ws_moveit/src/stomp_ros/stomp_moveit/src/stomp_planner.cpp:301:48: note:   cannot convert ‘trajectory.trajectory_msgs::JointTrajectory_<std::allocator<void> >::points.std::vector<trajectory_msgs::JointTrajectoryPoint_<std::allocator<void> >, std::allocator<trajectory_msgs::JointTrajectoryPoint_<std::allocator<void> > > >::operator[](((std::vector<trajectory_msgs::JointTrajectoryPoint_<std::allocator<void> >, std::allocator<trajectory_msgs::JointTrajectoryPoint_<std::allocator<void> > > >::size_type)i)).trajectory_msgs::JointTrajectoryPoint_<std::allocator<void> >::positions’ (type ‘trajectory_msgs::JointTrajectoryPoint_<std::allocator<void> >::_positions_type {aka std::vector<double>}’) to type ‘unsigned char’
     StompPlanner::traj_f<<trajectory.points[i].positions<<" ";
In file included from /usr/include/c++/7/iostream:39:0,
                 from /opt/ros/melodic/include/ros/time.h:54,
                 from /opt/ros/melodic/include/ros/ros.h:38,
                 from /home/nsriram/ws_moveit/src/stomp_ros/stomp_moveit/src/stomp_planner.cpp:26:
/usr/include/c++/7/ostream:514:5: note: candidate: template<class _Traits> std::basic_ostream<char, _Traits>& std::operator<<(std::basic_ostream<char, _Traits>&, signed char)
     operator<<(basic_ostream<char, _Traits>& __out, signed char __c)
     ^~~~~~~~
/usr/include/c++/7/ostream:514:5: note:   template argument deduction/substitution failed:
/home/nsriram/ws_moveit/src/stomp_ros/stomp_moveit/src/stomp_planner.cpp:301:48: note:   cannot convert ‘trajectory.trajectory_msgs::JointTrajectory_<std::allocator<void> >::points.std::vector<trajectory_msgs::JointTrajectoryPoint_<std::allocator<void> >, std::allocator<trajectory_msgs::JointTrajectoryPoint_<std::allocator<void> > > >::operator[](((std::vector<trajectory_msgs::JointTrajectoryPoint_<std::allocator<void> >, std::allocator<trajectory_msgs::JointTrajectoryPoint_<std::allocator<void> > > >::size_type)i)).trajectory_msgs::JointTrajectoryPoint_<std::allocator<void> >::positions’ (type ‘trajectory_msgs::JointTrajectoryPoint_<std::allocator<void> >::_positions_type {aka std::vector<double>}’) to type ‘signed char’
     StompPlanner::traj_f<<trajectory.points[i].positions<<" ";
In file included from /usr/include/c++/7/iostream:39:0,
                 from /opt/ros/melodic/include/ros/time.h:54,
                 from /opt/ros/melodic/include/ros/ros.h:38,
                 from /home/nsriram/ws_moveit/src/stomp_ros/stomp_moveit/src/stomp_planner.cpp:26:
/usr/include/c++/7/ostream:508:5: note: candidate: template<class _Traits> std::basic_ostream<char, _Traits>& std::operator<<(std::basic_ostream<char, _Traits>&, char)
     operator<<(basic_ostream<char, _Traits>& __out, char __c)
     ^~~~~~~~
/usr/include/c++/7/ostream:508:5: note:   template argument deduction/substitution failed:
/home/nsriram/ws_moveit/src/stomp_ros/stomp_moveit/src/stomp_planner.cpp:301:48: note:   cannot convert ‘trajectory.trajectory_msgs::JointTrajectory_<std::allocator<void> >::points.std::vector<trajectory_msgs::JointTrajectoryPoint_<std::allocator<void> >, std::allocator<trajectory_msgs::JointTrajectoryPoint_<std::allocator<void> > > >::operator[](((std::vector<trajectory_msgs::JointTrajectoryPoint_<std::allocator<void> >, std::allocator<trajectory_msgs::JointTrajectoryPoint_<std::allocator<void> > > >::size_type)i)).trajectory_msgs::JointTrajectoryPoint_<std::allocator<void> >::positions’ (type ‘trajectory_msgs::JointTrajectoryPoint_<std::allocator<void> >::_positions_type {aka std::vector<double>}’) to type ‘char’
     StompPlanner::traj_f<<trajectory.points[i].positions<<" ";
In file included from /usr/include/c++/7/iostream:39:0,
                 from /opt/ros/melodic/include/ros/time.h:54,
                 from /opt/ros/melodic/include/ros/ros.h:38,
                 from /home/nsriram/ws_moveit/src/stomp_ros/stomp_moveit/src/stomp_planner.cpp:26:
/usr/include/c++/7/ostream:502:5: note: candidate: template<class _CharT, class _Traits> std::basic_ostream<_CharT, _Traits>& std::operator<<(std::basic_ostream<_CharT, _Traits>&, char)
     operator<<(basic_ostream<_CharT, _Traits>& __out, char __c)
     ^~~~~~~~
/usr/include/c++/7/ostream:502:5: note:   template argument deduction/substitution failed:
/home/nsriram/ws_moveit/src/stomp_ros/stomp_moveit/src/stomp_planner.cpp:301:48: note:   cannot convert ‘trajectory.trajectory_msgs::JointTrajectory_<std::allocator<void> >::points.std::vector<trajectory_msgs::JointTrajectoryPoint_<std::allocator<void> >, std::allocator<trajectory_msgs::JointTrajectoryPoint_<std::allocator<void> > > >::operator[](((std::vector<trajectory_msgs::JointTrajectoryPoint_<std::allocator<void> >, std::allocator<trajectory_msgs::JointTrajectoryPoint_<std::allocator<void> > > >::size_type)i)).trajectory_msgs::JointTrajectoryPoint_<std::allocator<void> >::positions’ (type ‘trajectory_msgs::JointTrajectoryPoint_<std::allocator<void> >::_positions_type {aka std::vector<double>}’) to type ‘char’
     StompPlanner::traj_f<<trajectory.points[i].positions<<" ";
In file included from /usr/include/c++/7/iostream:39:0,
                 from /opt/ros/melodic/include/ros/time.h:54,
                 from /opt/ros/melodic/include/ros/ros.h:38,
                 from /home/nsriram/ws_moveit/src/stomp_ros/stomp_moveit/src/stomp_planner.cpp:26:
/usr/include/c++/7/ostream:497:5: note: candidate: template<class _CharT, class _Traits> std::basic_ostream<_CharT, _Traits>& std::operator<<(std::basic_ostream<_CharT, _Traits>&, _CharT)
     operator<<(basic_ostream<_CharT, _Traits>& __out, _CharT __c)
     ^~~~~~~~
/usr/include/c++/7/ostream:497:5: note:   template argument deduction/substitution failed:
/home/nsriram/ws_moveit/src/stomp_ros/stomp_moveit/src/stomp_planner.cpp:301:48: note:   deduced conflicting types for parameter ‘_CharT’ (‘char’ and ‘std::vector<double>’)
     StompPlanner::traj_f<<trajectory.points[i].positions<<" ";
                                                ^~~~~~~~~
In file included from /usr/include/c++/7/bits/ios_base.h:46:0,
                 from /usr/include/c++/7/ios:42,
                 from /usr/include/c++/7/ostream:38,
                 from /usr/include/c++/7/iostream:39,
                 from /opt/ros/melodic/include/ros/time.h:54,
                 from /opt/ros/melodic/include/ros/ros.h:38,
                 from /home/nsriram/ws_moveit/src/stomp_ros/stomp_moveit/src/stomp_planner.cpp:26:
/usr/include/c++/7/system_error:217:5: note: candidate: template<class _CharT, class _Traits> std::basic_ostream<_CharT, _Traits>& std::operator<<(std::basic_ostream<_CharT, _Traits>&, const std::error_code&)
     operator<<(basic_ostream<_CharT, _Traits>& __os, const error_code& __e)
     ^~~~~~~~
/usr/include/c++/7/system_error:217:5: note:   template argument deduction/substitution failed:
/home/nsriram/ws_moveit/src/stomp_ros/stomp_moveit/src/stomp_planner.cpp:301:48: note:   cannot convert ‘trajectory.trajectory_msgs::JointTrajectory_<std::allocator<void> >::points.std::vector<trajectory_msgs::JointTrajectoryPoint_<std::allocator<void> >, std::allocator<trajectory_msgs::JointTrajectoryPoint_<std::allocator<void> > > >::operator[](((std::vector<trajectory_msgs::JointTrajectoryPoint_<std::allocator<void> >, std::allocator<trajectory_msgs::JointTrajectoryPoint_<std::allocator<void> > > >::size_type)i)).trajectory_msgs::JointTrajectoryPoint_<std::allocator<void> >::positions’ (type ‘trajectory_msgs::JointTrajectoryPoint_<std::allocator<void> >::_positions_type {aka std::vector<double>}’) to type ‘const std::error_code&’
     StompPlanner::traj_f<<trajectory.points[i].positions<<" ";
In file included from /usr/include/c++/7/string:52:0,
                 from /opt/ros/melodic/include/ros/platform.h:38,
                 from /opt/ros/melodic/include/ros/time.h:53,
                 from /opt/ros/melodic/include/ros/ros.h:38,
                 from /home/nsriram/ws_moveit/src/stomp_ros/stomp_moveit/src/stomp_planner.cpp:26:
/usr/include/c++/7/bits/basic_string.h:6284:5: note: candidate: template<class _CharT, class _Traits, class _Alloc> std::basic_ostream<_CharT, _Traits>& std::operator<<(std::basic_ostream<_CharT, _Traits>&, const std::__cxx11::basic_string<_CharT, _Traits, _Alloc>&)
     operator<<(basic_ostream<_CharT, _Traits>& __os,
     ^~~~~~~~
/usr/include/c++/7/bits/basic_string.h:6284:5: note:   template argument deduction/substitution failed:
/home/nsriram/ws_moveit/src/stomp_ros/stomp_moveit/src/stomp_planner.cpp:301:48: note:   ‘trajectory_msgs::JointTrajectoryPoint_<std::allocator<void> >::_positions_type {aka std::vector<double>}’ is not derived from ‘const std::__cxx11::basic_string<_CharT, _Traits, _Alloc>’
     StompPlanner::traj_f<<trajectory.points[i].positions<<" ";
                                                ^~~~~~~~~
make[2]: *** [CMakeFiles/stomp_moveit.dir/src/stomp_planner.cpp.o] Error 1
make[1]: *** [CMakeFiles/stomp_moveit.dir/all] Error 2
make: *** [all] Error 2
