In file included from /opt/ros/melodic/include/ros/ros.h:40:0,
                 from /opt/ros/melodic/include/urdf/model.h:50,
                 from /opt/ros/melodic/include/moveit/robot_model/robot_model.h:43,
                 from /home/nsriram/ws_moveit/src/stomp_ros/stomp_moveit/include/stomp_moveit/cost_functions/tool_goal_pose.h:30,
                 from /home/nsriram/ws_moveit/src/stomp_ros/stomp_moveit/src/cost_functions/tool_goal_pose.cpp:27:
/home/nsriram/ws_moveit/src/stomp_ros/stomp_moveit/src/cost_functions/tool_goal_pose.cpp: In member function ‘virtual bool stomp_moveit::cost_functions::ToolGoalPose::setMotionPlanRequest(const PlanningSceneConstPtr&, const MotionPlanRequest&, const stomp::StompConfiguration&, moveit_msgs::MoveItErrorCodes&)’:
/opt/ros/melodic/include/ros/console.h:348:176: warning: zero-length gnu_printf format string [-Wformat-zero-length]
     ::ros::console::print(filter, __rosconsole_define_location__loc.logger_, __rosconsole_define_location__loc.level_, __FILE__, __LINE__, __ROSCONSOLE_FUNCTION__, __VA_ARGS__)
                                                                                                                                                                                ^
/opt/ros/melodic/include/ros/console.h:351:5: note: in expansion of macro ‘ROSCONSOLE_PRINT_AT_LOCATION_WITH_FILTER’
     ROSCONSOLE_PRINT_AT_LOCATION_WITH_FILTER(NULL, __VA_ARGS__)
     ^~~~~~~~~~~~~~~~~~~~~~~~~~~~~~~~~~~~~~~~
/opt/ros/melodic/include/ros/console.h:387:7: note: in expansion of macro ‘ROSCONSOLE_PRINT_AT_LOCATION’
       ROSCONSOLE_PRINT_AT_LOCATION(__VA_ARGS__); \
       ^~~~~~~~~~~~~~~~~~~~~~~~~~~~
/opt/ros/melodic/include/ros/console.h:572:35: note: in expansion of macro ‘ROS_LOG_COND’
 #define ROS_LOG(level, name, ...) ROS_LOG_COND(true, level, name, __VA_ARGS__)
                                   ^~~~~~~~~~~~
/opt/ros/melodic/include/rosconsole/macros_generated.h:110:23: note: in expansion of macro ‘ROS_LOG’
 #define ROS_INFO(...) ROS_LOG(::ros::console::levels::Info, ROSCONSOLE_DEFAULT_NAME, __VA_ARGS__)
                       ^~~~~~~
/home/nsriram/ws_moveit/src/stomp_ros/stomp_moveit/src/cost_functions/tool_goal_pose.cpp:97:3: note: in expansion of macro ‘ROS_INFO’
   ROS_INFO("");
   ^
