In file included from /home/nsriram/ws_moveit/src/stomp_ros/stomp_moveit/src/cost_functions/experiment_check.cpp:26:0:
/home/nsriram/ws_moveit/src/stomp_ros/stomp_moveit/src/cost_functions/experiment_check.cpp: In member function ‘virtual bool stomp_moveit::cost_functions::ExperimentCheck::computeCosts(const MatrixXd&, std::size_t, std::size_t, int, int, Eigen::VectorXd&, bool&)’:
/opt/ros/melodic/include/ros/console.h:348:176: warning: format ‘%d’ expects argument of type ‘int’, but argument 8 has type ‘long unsigned int’ [-Wformat=]
     ::ros::console::print(filter, __rosconsole_define_location__loc.logger_, __rosconsole_define_location__loc.level_, __FILE__, __LINE__, __ROSCONSOLE_FUNCTION__, __VA_ARGS__)
                                                                                                                                                                                ^
/opt/ros/melodic/include/ros/console.h:351:5: note: in expansion of macro ‘ROSCONSOLE_PRINT_AT_LOCATION_WITH_FILTER’
     ROSCONSOLE_PRINT_AT_LOCATION_WITH_FILTER(NULL, __VA_ARGS__)
     ^~~~~~~~~~~~~~~~~~~~~~~~~~~~~~~~~~~~~~~~
/opt/ros/melodic/include/ros/console.h:387:7: note: in expansion of macro ‘ROSCONSOLE_PRINT_AT_LOCATION’
       ROSCONSOLE_PRINT_AT_LOCATION(__VA_ARGS__); \
       ^~~~~~~~~~~~~~~~~~~~~~~~~~~~
/opt/ros/melodic/include/ros/console.h:572:35: note: in expansion of macro ‘ROS_LOG_COND’
 #define ROS_LOG(level, name, ...) ROS_LOG_COND(true, level, name, __VA_ARGS__)
                                   ^~~~~~~~~~~~
/opt/ros/melodic/include/rosconsole/macros_generated.h:110:23: note: in expansion of macro ‘ROS_LOG’
 #define ROS_INFO(...) ROS_LOG(::ros::console::levels::Info, ROSCONSOLE_DEFAULT_NAME, __VA_ARGS__)
                       ^~~~~~~
/home/nsriram/ws_moveit/src/stomp_ros/stomp_moveit/src/cost_functions/experiment_check.cpp:276:9: note: in expansion of macro ‘ROS_INFO’
         ROS_INFO("ENTERED IF CONDITION. t  %d", t);
         ^
