Performing C SOURCE FILE Test CMAKE_HAVE_LIBC_PTHREAD failed with the following output:
Change Dir: /home/nsriram/ws_moveit/build/stomp_moveit/CMakeFiles/CMakeTmp

Run Build Command(s):/usr/bin/make -f Makefile cmTC_a9c7e/fast && /usr/bin/make  -f CMakeFiles/cmTC_a9c7e.dir/build.make CMakeFiles/cmTC_a9c7e.dir/build
make[1]: Entering directory '/home/nsriram/ws_moveit/build/stomp_moveit/CMakeFiles/CMakeTmp'
Building C object CMakeFiles/cmTC_a9c7e.dir/src.c.o
/usr/lib/ccache/cc -DCMAKE_HAVE_LIBC_PTHREAD   -o CMakeFiles/cmTC_a9c7e.dir/src.c.o -c /home/nsriram/ws_moveit/build/stomp_moveit/CMakeFiles/CMakeTmp/src.c
Linking C executable cmTC_a9c7e
/usr/bin/cmake -E cmake_link_script CMakeFiles/cmTC_a9c7e.dir/link.txt --verbose=1
/usr/lib/ccache/cc -rdynamic CMakeFiles/cmTC_a9c7e.dir/src.c.o -o cmTC_a9c7e 
CMakeFiles/cmTC_a9c7e.dir/src.c.o: In function `main':
src.c:(.text+0x3e): undefined reference to `pthread_create'
src.c:(.text+0x4a): undefined reference to `pthread_detach'
src.c:(.text+0x56): undefined reference to `pthread_cancel'
src.c:(.text+0x67): undefined reference to `pthread_join'
src.c:(.text+0x7b): undefined reference to `pthread_atfork'
collect2: error: ld returned 1 exit status
CMakeFiles/cmTC_a9c7e.dir/build.make:98: recipe for target 'cmTC_a9c7e' failed
make[1]: *** [cmTC_a9c7e] Error 1
make[1]: Leaving directory '/home/nsriram/ws_moveit/build/stomp_moveit/CMakeFiles/CMakeTmp'
Makefile:127: recipe for target 'cmTC_a9c7e/fast' failed
make: *** [cmTC_a9c7e/fast] Error 2


Source file was:
#include <pthread.h>

static void* test_func(void* data)
{
  return data;
}

int main(void)
{
  pthread_t thread;
  pthread_create(&thread, NULL, test_func, NULL);
  pthread_detach(thread);
  pthread_cancel(thread);
  pthread_join(thread, NULL);
  pthread_atfork(NULL, NULL, NULL);
  pthread_exit(NULL);

  return 0;
}

Determining if the function pthread_create exists in the pthreads failed with the following output:
Change Dir: /home/nsriram/ws_moveit/build/stomp_moveit/CMakeFiles/CMakeTmp

Run Build Command(s):/usr/bin/make -f Makefile cmTC_fe0f9/fast && /usr/bin/make  -f CMakeFiles/cmTC_fe0f9.dir/build.make CMakeFiles/cmTC_fe0f9.dir/build
make[1]: Entering directory '/home/nsriram/ws_moveit/build/stomp_moveit/CMakeFiles/CMakeTmp'
Building C object CMakeFiles/cmTC_fe0f9.dir/CheckFunctionExists.c.o
/usr/lib/ccache/cc   -DCHECK_FUNCTION_EXISTS=pthread_create -o CMakeFiles/cmTC_fe0f9.dir/CheckFunctionExists.c.o -c /usr/share/cmake-3.23/Modules/CheckFunctionExists.c
Linking C executable cmTC_fe0f9
/usr/bin/cmake -E cmake_link_script CMakeFiles/cmTC_fe0f9.dir/link.txt --verbose=1
/usr/lib/ccache/cc  -DCHECK_FUNCTION_EXISTS=pthread_create -rdynamic CMakeFiles/cmTC_fe0f9.dir/CheckFunctionExists.c.o -o cmTC_fe0f9  -lpthreads 
/usr/bin/ld: cannot find -lpthreads
collect2: error: ld returned 1 exit status
CMakeFiles/cmTC_fe0f9.dir/build.make:98: recipe for target 'cmTC_fe0f9' failed
make[1]: *** [cmTC_fe0f9] Error 1
make[1]: Leaving directory '/home/nsriram/ws_moveit/build/stomp_moveit/CMakeFiles/CMakeTmp'
Makefile:127: recipe for target 'cmTC_fe0f9/fast' failed
make: *** [cmTC_fe0f9/fast] Error 2



